[0.079s] DEBUG:colcon:Command line arguments: ['/usr/bin/colcon', 'build', '--symlink-install']
[0.079s] DEBUG:colcon:Parsed command line arguments: Namespace(log_base=None, log_level=None, verb_name='build', build_base='build', install_base='install', merge_install=False, symlink_install=True, test_result_base=None, continue_on_error=False, executor='parallel', parallel_workers=16, event_handlers=None, ignore_user_meta=False, metas=['./colcon.meta'], base_paths=['.'], packages_ignore=None, packages_ignore_regex=None, paths=None, packages_up_to=None, packages_up_to_regex=None, packages_above=None, packages_above_and_dependencies=None, packages_above_depth=None, packages_select_by_dep=None, packages_skip_by_dep=None, packages_skip_up_to=None, packages_select_build_failed=False, packages_skip_build_finished=False, packages_select_test_failures=False, packages_skip_test_passed=False, packages_select=None, packages_skip=None, packages_select_regex=None, packages_skip_regex=None, packages_start=None, packages_end=None, allow_overriding=[], cmake_args=None, cmake_target=None, cmake_target_skip_unavailable=False, cmake_clean_cache=False, cmake_clean_first=False, cmake_force_configure=False, ament_cmake_args=None, catkin_cmake_args=None, catkin_skip_building_tests=False, mixin_files=None, mixin=None, verb_parser=<colcon_mixin.mixin.mixin_argument.MixinArgumentDecorator object at 0x78901593a2c0>, verb_extension=<colcon_core.verb.build.BuildVerb object at 0x7890159398a0>, main=<bound method BuildVerb.main of <colcon_core.verb.build.BuildVerb object at 0x7890159398a0>>, mixin_verb=('build',))
[0.204s] Level 1:colcon.colcon_core.package_discovery:discover_packages(colcon_meta) check parameters
[0.204s] Level 1:colcon.colcon_core.package_discovery:discover_packages(recursive) check parameters
[0.204s] Level 1:colcon.colcon_core.package_discovery:discover_packages(ignore) check parameters
[0.204s] Level 1:colcon.colcon_core.package_discovery:discover_packages(path) check parameters
[0.204s] Level 1:colcon.colcon_core.package_discovery:discover_packages(colcon_meta) discover
[0.204s] Level 1:colcon.colcon_core.package_discovery:discover_packages(recursive) discover
[0.204s] INFO:colcon.colcon_core.package_discovery:Crawling recursively for packages in '/home/amix/ros_ws/disaster_response_swarm'
[0.204s] Level 1:colcon.colcon_core.package_identification:_identify(.) by extensions ['ignore', 'ignore_ament_install']
[0.204s] Level 1:colcon.colcon_core.package_identification:_identify(.) by extension 'ignore'
[0.204s] Level 1:colcon.colcon_core.package_identification:_identify(.) by extension 'ignore_ament_install'
[0.204s] Level 1:colcon.colcon_core.package_identification:_identify(.) by extensions ['colcon_pkg']
[0.204s] Level 1:colcon.colcon_core.package_identification:_identify(.) by extension 'colcon_pkg'
[0.204s] Level 1:colcon.colcon_core.package_identification:_identify(.) by extensions ['colcon_meta']
[0.204s] Level 1:colcon.colcon_core.package_identification:_identify(.) by extension 'colcon_meta'
[0.204s] Level 1:colcon.colcon_core.package_identification:_identify(.) by extensions ['ros']
[0.204s] Level 1:colcon.colcon_core.package_identification:_identify(.) by extension 'ros'
[0.214s] DEBUG:colcon.colcon_core.package_identification:Package '.' with type 'ros.ament_python' and name 'disaster_response_swarm'
[0.214s] Level 1:colcon.colcon_core.package_discovery:discover_packages(recursive) using defaults
[0.214s] Level 1:colcon.colcon_core.package_discovery:discover_packages(ignore) discover
[0.214s] Level 1:colcon.colcon_core.package_discovery:discover_packages(ignore) using defaults
[0.214s] Level 1:colcon.colcon_core.package_discovery:discover_packages(path) discover
[0.214s] Level 1:colcon.colcon_core.package_discovery:discover_packages(path) using defaults
[0.236s] Level 1:colcon.colcon_core.package_discovery:discover_packages(prefix_path) check parameters
[0.236s] Level 1:colcon.colcon_core.package_discovery:discover_packages(prefix_path) discover
[0.236s] WARNING:colcon.colcon_ros.prefix_path.ament:The path '/home/amix/ros_ws/disaster_response_swarm/install/disaster_response_swarm' in the environment variable AMENT_PREFIX_PATH doesn't exist
[0.237s] DEBUG:colcon.colcon_installed_package_information.package_discovery:Found 0 installed packages in /home/amix/ros_ws/disaster_response_swarm/install
[0.238s] DEBUG:colcon.colcon_installed_package_information.package_discovery:Found 15 installed packages in /home/amix/ros_ws/turtlebot3_ws/install
[0.239s] DEBUG:colcon.colcon_installed_package_information.package_discovery:Found 323 installed packages in /opt/ros/humble
[0.240s] Level 1:colcon.colcon_core.package_discovery:discover_packages(prefix_path) using defaults
[0.272s] Level 5:colcon.colcon_core.verb:set package 'disaster_response_swarm' build argument 'cmake_args' from command line to 'None'
[0.272s] Level 5:colcon.colcon_core.verb:set package 'disaster_response_swarm' build argument 'cmake_target' from command line to 'None'
[0.272s] Level 5:colcon.colcon_core.verb:set package 'disaster_response_swarm' build argument 'cmake_target_skip_unavailable' from command line to 'False'
[0.272s] Level 5:colcon.colcon_core.verb:set package 'disaster_response_swarm' build argument 'cmake_clean_cache' from command line to 'False'
[0.272s] Level 5:colcon.colcon_core.verb:set package 'disaster_response_swarm' build argument 'cmake_clean_first' from command line to 'False'
[0.272s] Level 5:colcon.colcon_core.verb:set package 'disaster_response_swarm' build argument 'cmake_force_configure' from command line to 'False'
[0.272s] Level 5:colcon.colcon_core.verb:set package 'disaster_response_swarm' build argument 'ament_cmake_args' from command line to 'None'
[0.272s] Level 5:colcon.colcon_core.verb:set package 'disaster_response_swarm' build argument 'catkin_cmake_args' from command line to 'None'
[0.272s] Level 5:colcon.colcon_core.verb:set package 'disaster_response_swarm' build argument 'catkin_skip_building_tests' from command line to 'False'
[0.272s] DEBUG:colcon.colcon_core.verb:Building package 'disaster_response_swarm' with the following arguments: {'ament_cmake_args': None, 'build_base': '/home/amix/ros_ws/disaster_response_swarm/build/disaster_response_swarm', 'catkin_cmake_args': None, 'catkin_skip_building_tests': False, 'cmake_args': None, 'cmake_clean_cache': False, 'cmake_clean_first': False, 'cmake_force_configure': False, 'cmake_target': None, 'cmake_target_skip_unavailable': False, 'install_base': '/home/amix/ros_ws/disaster_response_swarm/install/disaster_response_swarm', 'merge_install': False, 'path': '/home/amix/ros_ws/disaster_response_swarm', 'symlink_install': True, 'test_result_base': None}
[0.272s] INFO:colcon.colcon_core.executor:Executing jobs using 'parallel' executor
[0.273s] DEBUG:colcon.colcon_parallel_executor.executor.parallel:run_until_complete
[0.273s] INFO:colcon.colcon_ros.task.ament_python.build:Building ROS package in '/home/amix/ros_ws/disaster_response_swarm' with build type 'ament_python'
[0.273s] Level 1:colcon.colcon_core.shell:create_environment_hook('disaster_response_swarm', 'ament_prefix_path')
[0.275s] INFO:colcon.colcon_core.plugin_system:Skipping extension 'colcon_core.shell.bat': Not used on non-Windows systems
[0.275s] INFO:colcon.colcon_core.shell:Creating environment hook '/home/amix/ros_ws/disaster_response_swarm/install/disaster_response_swarm/share/disaster_response_swarm/hook/ament_prefix_path.ps1'
[0.276s] INFO:colcon.colcon_core.shell:Creating environment descriptor '/home/amix/ros_ws/disaster_response_swarm/install/disaster_response_swarm/share/disaster_response_swarm/hook/ament_prefix_path.dsv'
[0.276s] INFO:colcon.colcon_core.shell:Creating environment hook '/home/amix/ros_ws/disaster_response_swarm/install/disaster_response_swarm/share/disaster_response_swarm/hook/ament_prefix_path.sh'
[0.276s] INFO:colcon.colcon_core.shell:Skip shell extension 'powershell' for command environment: Not usable outside of PowerShell
[0.276s] DEBUG:colcon.colcon_core.shell:Skip shell extension 'dsv' for command environment
[0.468s] INFO:colcon.colcon_core.task.python.build:Building Python package in '/home/amix/ros_ws/disaster_response_swarm'
[0.468s] INFO:colcon.colcon_core.shell:Skip shell extension 'powershell' for command environment: Not usable outside of PowerShell
[0.468s] DEBUG:colcon.colcon_core.shell:Skip shell extension 'dsv' for command environment
[0.718s] DEBUG:colcon.colcon_core.event_handler.log_command:Invoking command in '/home/amix/ros_ws/disaster_response_swarm/build/disaster_response_swarm': PYTHONPATH=/home/amix/ros_ws/disaster_response_swarm/build/disaster_response_swarm/prefix_override:/usr/lib/python3/dist-packages/colcon_core/task/python/colcon_distutils_commands:/home/amix/ros_ws/disaster_response_swarm/install/disaster_response_swarm/lib/python3.10/site-packages:${PYTHONPATH} /usr/bin/python3 -W ignore:setup.py install is deprecated -W ignore:easy_install command is deprecated setup.py develop --editable --build-directory /home/amix/ros_ws/disaster_response_swarm/build/disaster_response_swarm/build --no-deps symlink_data
[1.052s] Level 1:colcon.colcon_core.shell:create_environment_hook('disaster_response_swarm', 'pythonpath_develop')
[1.052s] DEBUG:colcon.colcon_core.event_handler.log_command:Invoked command in '/home/amix/ros_ws/disaster_response_swarm/build/disaster_response_swarm' returned '0': PYTHONPATH=/home/amix/ros_ws/disaster_response_swarm/build/disaster_response_swarm/prefix_override:/usr/lib/python3/dist-packages/colcon_core/task/python/colcon_distutils_commands:/home/amix/ros_ws/disaster_response_swarm/install/disaster_response_swarm/lib/python3.10/site-packages:${PYTHONPATH} /usr/bin/python3 -W ignore:setup.py install is deprecated -W ignore:easy_install command is deprecated setup.py develop --editable --build-directory /home/amix/ros_ws/disaster_response_swarm/build/disaster_response_swarm/build --no-deps symlink_data
[1.052s] INFO:colcon.colcon_core.shell:Creating environment hook '/home/amix/ros_ws/disaster_response_swarm/build/disaster_response_swarm/share/disaster_response_swarm/hook/pythonpath_develop.ps1'
[1.053s] INFO:colcon.colcon_core.shell:Creating environment descriptor '/home/amix/ros_ws/disaster_response_swarm/build/disaster_response_swarm/share/disaster_response_swarm/hook/pythonpath_develop.dsv'
[1.054s] INFO:colcon.colcon_core.shell:Creating environment hook '/home/amix/ros_ws/disaster_response_swarm/build/disaster_response_swarm/share/disaster_response_swarm/hook/pythonpath_develop.sh'
[1.057s] Level 1:colcon.colcon_core.environment:checking '/home/amix/ros_ws/disaster_response_swarm/install/disaster_response_swarm' for CMake module files
[1.058s] Level 1:colcon.colcon_core.environment:checking '/home/amix/ros_ws/disaster_response_swarm/install/disaster_response_swarm' for CMake config files
[1.060s] Level 1:colcon.colcon_core.environment:checking '/home/amix/ros_ws/disaster_response_swarm/install/disaster_response_swarm/lib'
[1.060s] Level 1:colcon.colcon_core.environment:checking '/home/amix/ros_ws/disaster_response_swarm/install/disaster_response_swarm/bin'
[1.060s] Level 1:colcon.colcon_core.environment:checking '/home/amix/ros_ws/disaster_response_swarm/install/disaster_response_swarm/lib/pkgconfig/disaster_response_swarm.pc'
[1.061s] Level 1:colcon.colcon_core.environment:checking '/home/amix/ros_ws/disaster_response_swarm/install/disaster_response_swarm/lib/python3.10/site-packages'
[1.061s] Level 1:colcon.colcon_core.shell:create_environment_hook('disaster_response_swarm', 'pythonpath')
[1.061s] INFO:colcon.colcon_core.shell:Creating environment hook '/home/amix/ros_ws/disaster_response_swarm/install/disaster_response_swarm/share/disaster_response_swarm/hook/pythonpath.ps1'
[1.062s] INFO:colcon.colcon_core.shell:Creating environment descriptor '/home/amix/ros_ws/disaster_response_swarm/install/disaster_response_swarm/share/disaster_response_swarm/hook/pythonpath.dsv'
[1.062s] INFO:colcon.colcon_core.shell:Creating environment hook '/home/amix/ros_ws/disaster_response_swarm/install/disaster_response_swarm/share/disaster_response_swarm/hook/pythonpath.sh'
[1.063s] Level 1:colcon.colcon_core.environment:checking '/home/amix/ros_ws/disaster_response_swarm/install/disaster_response_swarm/bin'
[1.063s] Level 1:colcon.colcon_core.environment:create_environment_scripts_only(disaster_response_swarm)
[1.064s] INFO:colcon.colcon_core.shell:Creating package script '/home/amix/ros_ws/disaster_response_swarm/install/disaster_response_swarm/share/disaster_response_swarm/package.ps1'
[1.065s] INFO:colcon.colcon_core.shell:Creating package descriptor '/home/amix/ros_ws/disaster_response_swarm/install/disaster_response_swarm/share/disaster_response_swarm/package.dsv'
[1.066s] INFO:colcon.colcon_core.shell:Creating package script '/home/amix/ros_ws/disaster_response_swarm/install/disaster_response_swarm/share/disaster_response_swarm/package.sh'
[1.067s] INFO:colcon.colcon_core.shell:Creating package script '/home/amix/ros_ws/disaster_response_swarm/install/disaster_response_swarm/share/disaster_response_swarm/package.bash'
[1.068s] INFO:colcon.colcon_core.shell:Creating package script '/home/amix/ros_ws/disaster_response_swarm/install/disaster_response_swarm/share/disaster_response_swarm/package.zsh'
[1.069s] Level 1:colcon.colcon_core.environment:create_file_with_runtime_dependencies(/home/amix/ros_ws/disaster_response_swarm/install/disaster_response_swarm/share/colcon-core/packages/disaster_response_swarm)
[1.069s] DEBUG:colcon.colcon_parallel_executor.executor.parallel:closing loop
[1.069s] DEBUG:colcon.colcon_parallel_executor.executor.parallel:loop closed
[1.069s] DEBUG:colcon.colcon_parallel_executor.executor.parallel:run_until_complete finished with '0'
[1.069s] DEBUG:colcon.colcon_core.event_reactor:joining thread
[1.075s] INFO:colcon.colcon_core.plugin_system:Skipping extension 'colcon_notification.desktop_notification.terminal_notifier': Not used on non-Darwin systems
[1.076s] INFO:colcon.colcon_core.plugin_system:Skipping extension 'colcon_notification.desktop_notification.win32': Not used on non-Windows systems
[1.076s] INFO:colcon.colcon_notification.desktop_notification:Sending desktop notification using 'notify2'
[1.089s] DEBUG:colcon.colcon_core.event_reactor:joined thread
[1.090s] INFO:colcon.colcon_core.shell:Creating prefix script '/home/amix/ros_ws/disaster_response_swarm/install/local_setup.ps1'
[1.091s] INFO:colcon.colcon_core.shell:Creating prefix util module '/home/amix/ros_ws/disaster_response_swarm/install/_local_setup_util_ps1.py'
[1.093s] INFO:colcon.colcon_core.shell:Creating prefix chain script '/home/amix/ros_ws/disaster_response_swarm/install/setup.ps1'
[1.095s] INFO:colcon.colcon_core.shell:Creating prefix script '/home/amix/ros_ws/disaster_response_swarm/install/local_setup.sh'
[1.096s] INFO:colcon.colcon_core.shell:Creating prefix util module '/home/amix/ros_ws/disaster_response_swarm/install/_local_setup_util_sh.py'
[1.097s] INFO:colcon.colcon_core.shell:Creating prefix chain script '/home/amix/ros_ws/disaster_response_swarm/install/setup.sh'
[1.099s] INFO:colcon.colcon_core.shell:Creating prefix script '/home/amix/ros_ws/disaster_response_swarm/install/local_setup.bash'
[1.100s] INFO:colcon.colcon_core.shell:Creating prefix chain script '/home/amix/ros_ws/disaster_response_swarm/install/setup.bash'
[1.102s] INFO:colcon.colcon_core.shell:Creating prefix script '/home/amix/ros_ws/disaster_response_swarm/install/local_setup.zsh'
[1.102s] INFO:colcon.colcon_core.shell:Creating prefix chain script '/home/amix/ros_ws/disaster_response_swarm/install/setup.zsh'
