[2.440s] Invoking command in '/home/hsr/disaster_response_swarm/build/disaster_response_swarm': PYTHONPATH=/home/hsr/disaster_response_swarm/build/disaster_response_swarm/prefix_override:/usr/lib/python3/dist-packages/colcon_core/task/python/colcon_distutils_commands:/home/hsr/disaster_response_swarm/install/disaster_response_swarm/lib/python3.10/site-packages:${PYTHONPATH} /usr/bin/python3 -W ignore:setup.py install is deprecated setup.py develop --editable --build-directory /home/hsr/disaster_response_swarm/build/disaster_response_swarm/build --no-deps symlink_data
[3.461s] running develop
[4.111s] running egg_info
[4.111s] creating disaster_response_swarm.egg-info
[4.111s] writing disaster_response_swarm.egg-info/PKG-INFO
[4.112s] writing dependency_links to disaster_response_swarm.egg-info/dependency_links.txt
[4.112s] writing entry points to disaster_response_swarm.egg-info/entry_points.txt
[4.112s] writing requirements to disaster_response_swarm.egg-info/requires.txt
[4.113s] writing top-level names to disaster_response_swarm.egg-info/top_level.txt
[4.113s] writing manifest file 'disaster_response_swarm.egg-info/SOURCES.txt'
[4.117s] reading manifest file 'disaster_response_swarm.egg-info/SOURCES.txt'
[4.120s] writing manifest file 'disaster_response_swarm.egg-info/SOURCES.txt'
[4.131s] running build_ext
[4.131s] Creating /home/hsr/disaster_response_swarm/install/disaster_response_swarm/lib/python3.10/site-packages/disaster-response-swarm.egg-link (link to .)
[4.134s] Installing spawn_robot_server script to /home/hsr/disaster_response_swarm/install/disaster_response_swarm/lib/disaster_response_swarm
[4.135s] 
[4.135s] Installed /home/hsr/disaster_response_swarm/build/disaster_response_swarm
[4.136s] running symlink_data
[4.136s] creating /home/hsr/disaster_response_swarm/install/disaster_response_swarm/share/ament_index
[4.136s] creating /home/hsr/disaster_response_swarm/install/disaster_response_swarm/share/ament_index/resource_index
[4.136s] creating /home/hsr/disaster_response_swarm/install/disaster_response_swarm/share/ament_index/resource_index/packages
[4.137s] symbolically linking /home/hsr/disaster_response_swarm/build/disaster_response_swarm/resource/disaster_response_swarm -> /home/hsr/disaster_response_swarm/install/disaster_response_swarm/share/ament_index/resource_index/packages
[4.137s] symbolically linking /home/hsr/disaster_response_swarm/build/disaster_response_swarm/package.xml -> /home/hsr/disaster_response_swarm/install/disaster_response_swarm/share/disaster_response_swarm
[4.137s] creating /home/hsr/disaster_response_swarm/install/disaster_response_swarm/share/disaster_response_swarm/launch
[4.138s] symbolically linking /home/hsr/disaster_response_swarm/build/disaster_response_swarm/launch/swarm_slam_launch.py -> /home/hsr/disaster_response_swarm/install/disaster_response_swarm/share/disaster_response_swarm/launch
[4.138s] symbolically linking /home/hsr/disaster_response_swarm/build/disaster_response_swarm/launch/slam_with_sim_camera.launch.py -> /home/hsr/disaster_response_swarm/install/disaster_response_swarm/share/disaster_response_swarm/launch
[4.138s] symbolically linking /home/hsr/disaster_response_swarm/build/disaster_response_swarm/launch/hlds_laser.launch.py -> /home/hsr/disaster_response_swarm/install/disaster_response_swarm/share/disaster_response_swarm/launch
[4.140s] symbolically linking /home/hsr/disaster_response_swarm/build/disaster_response_swarm/launch/turtlebot3_nav2_example.launch.py -> /home/hsr/disaster_response_swarm/install/disaster_response_swarm/share/disaster_response_swarm/launch
[4.140s] symbolically linking /home/hsr/disaster_response_swarm/build/disaster_response_swarm/launch/spawn_robot_launch.py -> /home/hsr/disaster_response_swarm/install/disaster_response_swarm/share/disaster_response_swarm/launch
[4.140s] symbolically linking /home/hsr/disaster_response_swarm/build/disaster_response_swarm/launch/tb3_simulation_launch.py -> /home/hsr/disaster_response_swarm/install/disaster_response_swarm/share/disaster_response_swarm/launch
[4.140s] symbolically linking /home/hsr/disaster_response_swarm/build/disaster_response_swarm/launch/minimal_rviz.launch.py -> /home/hsr/disaster_response_swarm/install/disaster_response_swarm/share/disaster_response_swarm/launch
[4.140s] symbolically linking /home/hsr/disaster_response_swarm/build/disaster_response_swarm/launch/turtlebot3_state_publisher.launch.py -> /home/hsr/disaster_response_swarm/install/disaster_response_swarm/share/disaster_response_swarm/launch
[4.140s] symbolically linking /home/hsr/disaster_response_swarm/build/disaster_response_swarm/launch/slam_waffle_launch.py -> /home/hsr/disaster_response_swarm/install/disaster_response_swarm/share/disaster_response_swarm/launch
[4.141s] symbolically linking /home/hsr/disaster_response_swarm/build/disaster_response_swarm/launch/gazebo_launch.py -> /home/hsr/disaster_response_swarm/install/disaster_response_swarm/share/disaster_response_swarm/launch
[4.141s] symbolically linking /home/hsr/disaster_response_swarm/build/disaster_response_swarm/launch/nav2_launch.py -> /home/hsr/disaster_response_swarm/install/disaster_response_swarm/share/disaster_response_swarm/launch
[4.141s] symbolically linking /home/hsr/disaster_response_swarm/build/disaster_response_swarm/launch/tb3_bringup.launch.py -> /home/hsr/disaster_response_swarm/install/disaster_response_swarm/share/disaster_response_swarm/launch
[4.141s] symbolically linking /home/hsr/disaster_response_swarm/build/disaster_response_swarm/launch/minimal_rtabmap.launch.py -> /home/hsr/disaster_response_swarm/install/disaster_response_swarm/share/disaster_response_swarm/launch
[4.141s] symbolically linking /home/hsr/disaster_response_swarm/build/disaster_response_swarm/launch/single_robot_with_namespacing.launch.py -> /home/hsr/disaster_response_swarm/install/disaster_response_swarm/share/disaster_response_swarm/launch
[4.141s] symbolically linking /home/hsr/disaster_response_swarm/build/disaster_response_swarm/launch/fully_integrated_swarm.launch.py -> /home/hsr/disaster_response_swarm/install/disaster_response_swarm/share/disaster_response_swarm/launch
[4.142s] symbolically linking /home/hsr/disaster_response_swarm/build/disaster_response_swarm/launch/single_robot_no_namespacing.launch.py -> /home/hsr/disaster_response_swarm/install/disaster_response_swarm/share/disaster_response_swarm/launch
[4.142s] symbolically linking /home/hsr/disaster_response_swarm/build/disaster_response_swarm/launch/real_robot_with_realsense_launch.py -> /home/hsr/disaster_response_swarm/install/disaster_response_swarm/share/disaster_response_swarm/launch
[4.142s] symbolically linking /home/hsr/disaster_response_swarm/build/disaster_response_swarm/launch/ld08.launch.py -> /home/hsr/disaster_response_swarm/install/disaster_response_swarm/share/disaster_response_swarm/launch
[4.143s] symbolically linking /home/hsr/disaster_response_swarm/build/disaster_response_swarm/launch/minimal_gazebo.launch.py -> /home/hsr/disaster_response_swarm/install/disaster_response_swarm/share/disaster_response_swarm/launch
[4.143s] symbolically linking /home/hsr/disaster_response_swarm/build/disaster_response_swarm/launch/waffle_camera_launch.py -> /home/hsr/disaster_response_swarm/install/disaster_response_swarm/share/disaster_response_swarm/launch
[4.143s] creating /home/hsr/disaster_response_swarm/install/disaster_response_swarm/share/disaster_response_swarm/worlds
[4.143s] symbolically linking /home/hsr/disaster_response_swarm/build/disaster_response_swarm/worlds/disaster_world.world -> /home/hsr/disaster_response_swarm/install/disaster_response_swarm/share/disaster_response_swarm/worlds
[4.144s] creating /home/hsr/disaster_response_swarm/install/disaster_response_swarm/share/disaster_response_swarm/maps
[4.144s] symbolically linking /home/hsr/disaster_response_swarm/build/disaster_response_swarm/maps/map.yaml -> /home/hsr/disaster_response_swarm/install/disaster_response_swarm/share/disaster_response_swarm/maps
[4.144s] symbolically linking /home/hsr/disaster_response_swarm/build/disaster_response_swarm/maps/map.pgm -> /home/hsr/disaster_response_swarm/install/disaster_response_swarm/share/disaster_response_swarm/maps
[4.145s] creating /home/hsr/disaster_response_swarm/install/disaster_response_swarm/share/disaster_response_swarm/config
[4.145s] symbolically linking /home/hsr/disaster_response_swarm/build/disaster_response_swarm/config/waffle.yaml -> /home/hsr/disaster_response_swarm/install/disaster_response_swarm/share/disaster_response_swarm/config
[4.145s] symbolically linking /home/hsr/disaster_response_swarm/build/disaster_response_swarm/config/nav2_params.yaml -> /home/hsr/disaster_response_swarm/install/disaster_response_swarm/share/disaster_response_swarm/config
[4.146s] symbolically linking /home/hsr/disaster_response_swarm/build/disaster_response_swarm/config/nav2_params_backup.yaml -> /home/hsr/disaster_response_swarm/install/disaster_response_swarm/share/disaster_response_swarm/config
[4.146s] symbolically linking /home/hsr/disaster_response_swarm/build/disaster_response_swarm/config/nav2_multirobot_params_all.yaml -> /home/hsr/disaster_response_swarm/install/disaster_response_swarm/share/disaster_response_swarm/config
[4.146s] symbolically linking /home/hsr/disaster_response_swarm/build/disaster_response_swarm/config/slam_online_async.yaml -> /home/hsr/disaster_response_swarm/install/disaster_response_swarm/share/disaster_response_swarm/config
[4.147s] symbolically linking /home/hsr/disaster_response_swarm/build/disaster_response_swarm/config/slam_toolbox_config.yaml -> /home/hsr/disaster_response_swarm/install/disaster_response_swarm/share/disaster_response_swarm/config
[4.147s] symbolically linking /home/hsr/disaster_response_swarm/build/disaster_response_swarm/config/rtabmap_params.yaml -> /home/hsr/disaster_response_swarm/install/disaster_response_swarm/share/disaster_response_swarm/config
[4.147s] symbolically linking /home/hsr/disaster_response_swarm/build/disaster_response_swarm/config/nav2_multirobot_params_2.yaml -> /home/hsr/disaster_response_swarm/install/disaster_response_swarm/share/disaster_response_swarm/config
[4.148s] symbolically linking /home/hsr/disaster_response_swarm/build/disaster_response_swarm/config/nav2_multirobot_params_1.yaml -> /home/hsr/disaster_response_swarm/install/disaster_response_swarm/share/disaster_response_swarm/config
[4.148s] creating /home/hsr/disaster_response_swarm/install/disaster_response_swarm/share/disaster_response_swarm/urdf
[4.148s] symbolically linking /home/hsr/disaster_response_swarm/build/disaster_response_swarm/urdf/turtlebot3_waffle.urdf -> /home/hsr/disaster_response_swarm/install/disaster_response_swarm/share/disaster_response_swarm/urdf
[4.149s] creating /home/hsr/disaster_response_swarm/install/disaster_response_swarm/share/disaster_response_swarm/models
[4.150s] creating /home/hsr/disaster_response_swarm/install/disaster_response_swarm/share/disaster_response_swarm/models/turtlebot3_waffle
[4.150s] symbolically linking /home/hsr/disaster_response_swarm/build/disaster_response_swarm/models/turtlebot3_waffle/model.config -> /home/hsr/disaster_response_swarm/install/disaster_response_swarm/share/disaster_response_swarm/models/turtlebot3_waffle
[4.151s] symbolically linking /home/hsr/disaster_response_swarm/build/disaster_response_swarm/models/turtlebot3_waffle/model-1_4.sdf -> /home/hsr/disaster_response_swarm/install/disaster_response_swarm/share/disaster_response_swarm/models/turtlebot3_waffle
[4.151s] symbolically linking /home/hsr/disaster_response_swarm/build/disaster_response_swarm/models/turtlebot3_waffle/model.sdf -> /home/hsr/disaster_response_swarm/install/disaster_response_swarm/share/disaster_response_swarm/models/turtlebot3_waffle
[4.152s] creating /home/hsr/disaster_response_swarm/install/disaster_response_swarm/share/disaster_response_swarm/rviz
[4.152s] symbolically linking /home/hsr/disaster_response_swarm/build/disaster_response_swarm/rviz/namespaced_rviz_config.rviz -> /home/hsr/disaster_response_swarm/install/disaster_response_swarm/share/disaster_response_swarm/rviz
[4.236s] Invoked command in '/home/hsr/disaster_response_swarm/build/disaster_response_swarm' returned '0': PYTHONPATH=/home/hsr/disaster_response_swarm/build/disaster_response_swarm/prefix_override:/usr/lib/python3/dist-packages/colcon_core/task/python/colcon_distutils_commands:/home/hsr/disaster_response_swarm/install/disaster_response_swarm/lib/python3.10/site-packages:${PYTHONPATH} /usr/bin/python3 -W ignore:setup.py install is deprecated setup.py develop --editable --build-directory /home/hsr/disaster_response_swarm/build/disaster_response_swarm/build --no-deps symlink_data
