[2.328s] Invoking command in '/home/hsr/merge_map/build/merge_map': PYTHONPATH=/home/hsr/merge_map/build/merge_map/prefix_override:/usr/lib/python3/dist-packages/colcon_core/task/python/colcon_distutils_commands:/home/hsr/merge_map/install/merge_map/lib/python3.10/site-packages:${PYTHONPATH} /usr/bin/python3 -W ignore:setup.py install is deprecated setup.py develop --editable --build-directory /home/hsr/merge_map/build/merge_map/build --no-deps symlink_data
[3.318s] running develop
[3.908s] running egg_info
[3.908s] creating merge_map.egg-info
[3.909s] writing merge_map.egg-info/PKG-INFO
[3.909s] writing dependency_links to merge_map.egg-info/dependency_links.txt
[3.909s] writing entry points to merge_map.egg-info/entry_points.txt
[3.909s] writing requirements to merge_map.egg-info/requires.txt
[3.909s] writing top-level names to merge_map.egg-info/top_level.txt
[3.910s] writing manifest file 'merge_map.egg-info/SOURCES.txt'
[3.912s] reading manifest file 'merge_map.egg-info/SOURCES.txt'
[3.912s] writing manifest file 'merge_map.egg-info/SOURCES.txt'
[3.920s] running build_ext
[3.920s] Creating /home/hsr/merge_map/install/merge_map/lib/python3.10/site-packages/merge-map.egg-link (link to .)
[3.921s] Installing merge_map script to /home/hsr/merge_map/install/merge_map/lib/merge_map
[3.922s] 
[3.922s] Installed /home/hsr/merge_map/build/merge_map
[3.922s] running symlink_data
[3.922s] creating /home/hsr/merge_map/install/merge_map/share/ament_index
[3.922s] creating /home/hsr/merge_map/install/merge_map/share/ament_index/resource_index
[3.922s] creating /home/hsr/merge_map/install/merge_map/share/ament_index/resource_index/packages
[3.923s] symbolically linking /home/hsr/merge_map/build/merge_map/resource/merge_map -> /home/hsr/merge_map/install/merge_map/share/ament_index/resource_index/packages
[3.923s] symbolically linking /home/hsr/merge_map/build/merge_map/package.xml -> /home/hsr/merge_map/install/merge_map/share/merge_map
[3.923s] creating /home/hsr/merge_map/install/merge_map/share/merge_map/launch
[3.923s] symbolically linking /home/hsr/merge_map/build/merge_map/launch/merge_map_launch.py -> /home/hsr/merge_map/install/merge_map/share/merge_map/launch
[3.923s] creating /home/hsr/merge_map/install/merge_map/share/merge_map/config
[3.923s] symbolically linking /home/hsr/merge_map/build/merge_map/config/merge_map.rviz -> /home/hsr/merge_map/install/merge_map/share/merge_map/config
[3.967s] Invoked command in '/home/hsr/merge_map/build/merge_map' returned '0': PYTHONPATH=/home/hsr/merge_map/build/merge_map/prefix_override:/usr/lib/python3/dist-packages/colcon_core/task/python/colcon_distutils_commands:/home/hsr/merge_map/install/merge_map/lib/python3.10/site-packages:${PYTHONPATH} /usr/bin/python3 -W ignore:setup.py install is deprecated setup.py develop --editable --build-directory /home/hsr/merge_map/build/merge_map/build --no-deps symlink_data
