running develop
running egg_info
creating disaster_response_swarm.egg-info
writing disaster_response_swarm.egg-info/PKG-INFO
writing dependency_links to disaster_response_swarm.egg-info/dependency_links.txt
writing entry points to disaster_response_swarm.egg-info/entry_points.txt
writing requirements to disaster_response_swarm.egg-info/requires.txt
writing top-level names to disaster_response_swarm.egg-info/top_level.txt
writing manifest file 'disaster_response_swarm.egg-info/SOURCES.txt'
reading manifest file 'disaster_response_swarm.egg-info/SOURCES.txt'
writing manifest file 'disaster_response_swarm.egg-info/SOURCES.txt'
running build_ext
Creating /home/hsr/disaster_response_swarm/install/disaster_response_swarm/lib/python3.10/site-packages/disaster-response-swarm.egg-link (link to .)
Installing spawn_robot_server script to /home/hsr/disaster_response_swarm/install/disaster_response_swarm/lib/disaster_response_swarm

Installed /home/hsr/disaster_response_swarm/build/disaster_response_swarm
running symlink_data
creating /home/hsr/disaster_response_swarm/install/disaster_response_swarm/share/ament_index
creating /home/hsr/disaster_response_swarm/install/disaster_response_swarm/share/ament_index/resource_index
creating /home/hsr/disaster_response_swarm/install/disaster_response_swarm/share/ament_index/resource_index/packages
symbolically linking /home/hsr/disaster_response_swarm/build/disaster_response_swarm/resource/disaster_response_swarm -> /home/hsr/disaster_response_swarm/install/disaster_response_swarm/share/ament_index/resource_index/packages
symbolically linking /home/hsr/disaster_response_swarm/build/disaster_response_swarm/package.xml -> /home/hsr/disaster_response_swarm/install/disaster_response_swarm/share/disaster_response_swarm
creating /home/hsr/disaster_response_swarm/install/disaster_response_swarm/share/disaster_response_swarm/launch
symbolically linking /home/hsr/disaster_response_swarm/build/disaster_response_swarm/launch/swarm_slam_launch.py -> /home/hsr/disaster_response_swarm/install/disaster_response_swarm/share/disaster_response_swarm/launch
symbolically linking /home/hsr/disaster_response_swarm/build/disaster_response_swarm/launch/slam_with_sim_camera.launch.py -> /home/hsr/disaster_response_swarm/install/disaster_response_swarm/share/disaster_response_swarm/launch
symbolically linking /home/hsr/disaster_response_swarm/build/disaster_response_swarm/launch/hlds_laser.launch.py -> /home/hsr/disaster_response_swarm/install/disaster_response_swarm/share/disaster_response_swarm/launch
symbolically linking /home/hsr/disaster_response_swarm/build/disaster_response_swarm/launch/turtlebot3_nav2_example.launch.py -> /home/hsr/disaster_response_swarm/install/disaster_response_swarm/share/disaster_response_swarm/launch
symbolically linking /home/hsr/disaster_response_swarm/build/disaster_response_swarm/launch/spawn_robot_launch.py -> /home/hsr/disaster_response_swarm/install/disaster_response_swarm/share/disaster_response_swarm/launch
symbolically linking /home/hsr/disaster_response_swarm/build/disaster_response_swarm/launch/tb3_simulation_launch.py -> /home/hsr/disaster_response_swarm/install/disaster_response_swarm/share/disaster_response_swarm/launch
symbolically linking /home/hsr/disaster_response_swarm/build/disaster_response_swarm/launch/minimal_rviz.launch.py -> /home/hsr/disaster_response_swarm/install/disaster_response_swarm/share/disaster_response_swarm/launch
symbolically linking /home/hsr/disaster_response_swarm/build/disaster_response_swarm/launch/turtlebot3_state_publisher.launch.py -> /home/hsr/disaster_response_swarm/install/disaster_response_swarm/share/disaster_response_swarm/launch
symbolically linking /home/hsr/disaster_response_swarm/build/disaster_response_swarm/launch/slam_waffle_launch.py -> /home/hsr/disaster_response_swarm/install/disaster_response_swarm/share/disaster_response_swarm/launch
symbolically linking /home/hsr/disaster_response_swarm/build/disaster_response_swarm/launch/gazebo_launch.py -> /home/hsr/disaster_response_swarm/install/disaster_response_swarm/share/disaster_response_swarm/launch
symbolically linking /home/hsr/disaster_response_swarm/build/disaster_response_swarm/launch/nav2_launch.py -> /home/hsr/disaster_response_swarm/install/disaster_response_swarm/share/disaster_response_swarm/launch
symbolically linking /home/hsr/disaster_response_swarm/build/disaster_response_swarm/launch/tb3_bringup.launch.py -> /home/hsr/disaster_response_swarm/install/disaster_response_swarm/share/disaster_response_swarm/launch
symbolically linking /home/hsr/disaster_response_swarm/build/disaster_response_swarm/launch/minimal_rtabmap.launch.py -> /home/hsr/disaster_response_swarm/install/disaster_response_swarm/share/disaster_response_swarm/launch
symbolically linking /home/hsr/disaster_response_swarm/build/disaster_response_swarm/launch/single_robot_with_namespacing.launch.py -> /home/hsr/disaster_response_swarm/install/disaster_response_swarm/share/disaster_response_swarm/launch
symbolically linking /home/hsr/disaster_response_swarm/build/disaster_response_swarm/launch/fully_integrated_swarm.launch.py -> /home/hsr/disaster_response_swarm/install/disaster_response_swarm/share/disaster_response_swarm/launch
symbolically linking /home/hsr/disaster_response_swarm/build/disaster_response_swarm/launch/single_robot_no_namespacing.launch.py -> /home/hsr/disaster_response_swarm/install/disaster_response_swarm/share/disaster_response_swarm/launch
symbolically linking /home/hsr/disaster_response_swarm/build/disaster_response_swarm/launch/real_robot_with_realsense_launch.py -> /home/hsr/disaster_response_swarm/install/disaster_response_swarm/share/disaster_response_swarm/launch
symbolically linking /home/hsr/disaster_response_swarm/build/disaster_response_swarm/launch/ld08.launch.py -> /home/hsr/disaster_response_swarm/install/disaster_response_swarm/share/disaster_response_swarm/launch
symbolically linking /home/hsr/disaster_response_swarm/build/disaster_response_swarm/launch/minimal_gazebo.launch.py -> /home/hsr/disaster_response_swarm/install/disaster_response_swarm/share/disaster_response_swarm/launch
symbolically linking /home/hsr/disaster_response_swarm/build/disaster_response_swarm/launch/waffle_camera_launch.py -> /home/hsr/disaster_response_swarm/install/disaster_response_swarm/share/disaster_response_swarm/launch
creating /home/hsr/disaster_response_swarm/install/disaster_response_swarm/share/disaster_response_swarm/worlds
symbolically linking /home/hsr/disaster_response_swarm/build/disaster_response_swarm/worlds/disaster_world.world -> /home/hsr/disaster_response_swarm/install/disaster_response_swarm/share/disaster_response_swarm/worlds
creating /home/hsr/disaster_response_swarm/install/disaster_response_swarm/share/disaster_response_swarm/maps
symbolically linking /home/hsr/disaster_response_swarm/build/disaster_response_swarm/maps/map.yaml -> /home/hsr/disaster_response_swarm/install/disaster_response_swarm/share/disaster_response_swarm/maps
symbolically linking /home/hsr/disaster_response_swarm/build/disaster_response_swarm/maps/map.pgm -> /home/hsr/disaster_response_swarm/install/disaster_response_swarm/share/disaster_response_swarm/maps
creating /home/hsr/disaster_response_swarm/install/disaster_response_swarm/share/disaster_response_swarm/config
symbolically linking /home/hsr/disaster_response_swarm/build/disaster_response_swarm/config/waffle.yaml -> /home/hsr/disaster_response_swarm/install/disaster_response_swarm/share/disaster_response_swarm/config
symbolically linking /home/hsr/disaster_response_swarm/build/disaster_response_swarm/config/nav2_params.yaml -> /home/hsr/disaster_response_swarm/install/disaster_response_swarm/share/disaster_response_swarm/config
symbolically linking /home/hsr/disaster_response_swarm/build/disaster_response_swarm/config/nav2_params_backup.yaml -> /home/hsr/disaster_response_swarm/install/disaster_response_swarm/share/disaster_response_swarm/config
symbolically linking /home/hsr/disaster_response_swarm/build/disaster_response_swarm/config/nav2_multirobot_params_all.yaml -> /home/hsr/disaster_response_swarm/install/disaster_response_swarm/share/disaster_response_swarm/config
symbolically linking /home/hsr/disaster_response_swarm/build/disaster_response_swarm/config/slam_online_async.yaml -> /home/hsr/disaster_response_swarm/install/disaster_response_swarm/share/disaster_response_swarm/config
symbolically linking /home/hsr/disaster_response_swarm/build/disaster_response_swarm/config/slam_toolbox_config.yaml -> /home/hsr/disaster_response_swarm/install/disaster_response_swarm/share/disaster_response_swarm/config
symbolically linking /home/hsr/disaster_response_swarm/build/disaster_response_swarm/config/rtabmap_params.yaml -> /home/hsr/disaster_response_swarm/install/disaster_response_swarm/share/disaster_response_swarm/config
creating /home/hsr/disaster_response_swarm/install/disaster_response_swarm/share/disaster_response_swarm/urdf
symbolically linking /home/hsr/disaster_response_swarm/build/disaster_response_swarm/urdf/turtlebot3_waffle.urdf -> /home/hsr/disaster_response_swarm/install/disaster_response_swarm/share/disaster_response_swarm/urdf
creating /home/hsr/disaster_response_swarm/install/disaster_response_swarm/share/disaster_response_swarm/models
creating /home/hsr/disaster_response_swarm/install/disaster_response_swarm/share/disaster_response_swarm/models/turtlebot3_waffle
symbolically linking /home/hsr/disaster_response_swarm/build/disaster_response_swarm/models/turtlebot3_waffle/model.config -> /home/hsr/disaster_response_swarm/install/disaster_response_swarm/share/disaster_response_swarm/models/turtlebot3_waffle
symbolically linking /home/hsr/disaster_response_swarm/build/disaster_response_swarm/models/turtlebot3_waffle/model-1_4.sdf -> /home/hsr/disaster_response_swarm/install/disaster_response_swarm/share/disaster_response_swarm/models/turtlebot3_waffle
symbolically linking /home/hsr/disaster_response_swarm/build/disaster_response_swarm/models/turtlebot3_waffle/model.sdf -> /home/hsr/disaster_response_swarm/install/disaster_response_swarm/share/disaster_response_swarm/models/turtlebot3_waffle
creating /home/hsr/disaster_response_swarm/install/disaster_response_swarm/share/disaster_response_swarm/rviz
symbolically linking /home/hsr/disaster_response_swarm/build/disaster_response_swarm/rviz/namespaced_rviz_config.rviz -> /home/hsr/disaster_response_swarm/install/disaster_response_swarm/share/disaster_response_swarm/rviz
