[3.030s] Invoking command in '/home/hsr/disaster_response_swarm/build/disaster_response_swarm': PYTHONPATH=/home/hsr/disaster_response_swarm/build/disaster_response_swarm/prefix_override:/usr/lib/python3/dist-packages/colcon_core/task/python/colcon_distutils_commands:/home/hsr/disaster_response_swarm/install/disaster_response_swarm/lib/python3.10/site-packages:${PYTHONPATH} /usr/bin/python3 -W ignore:setup.py install is deprecated setup.py develop --editable --build-directory /home/hsr/disaster_response_swarm/build/disaster_response_swarm/build --no-deps symlink_data
[4.166s] running develop
[5.654s] running egg_info
[5.654s] creating disaster_response_swarm.egg-info
[5.655s] writing disaster_response_swarm.egg-info/PKG-INFO
[5.655s] writing dependency_links to disaster_response_swarm.egg-info/dependency_links.txt
[5.657s] writing entry points to disaster_response_swarm.egg-info/entry_points.txt
[5.657s] writing requirements to disaster_response_swarm.egg-info/requires.txt
[5.658s] writing top-level names to disaster_response_swarm.egg-info/top_level.txt
[5.658s] writing manifest file 'disaster_response_swarm.egg-info/SOURCES.txt'
[5.661s] reading manifest file 'disaster_response_swarm.egg-info/SOURCES.txt'
[5.662s] writing manifest file 'disaster_response_swarm.egg-info/SOURCES.txt'
[5.673s] running build_ext
[5.674s] Creating /home/hsr/disaster_response_swarm/install/disaster_response_swarm/lib/python3.10/site-packages/disaster-response-swarm.egg-link (link to .)
[5.674s] Installing spawn_robot_server script to /home/hsr/disaster_response_swarm/install/disaster_response_swarm/lib/disaster_response_swarm
[5.675s] 
[5.675s] Installed /home/hsr/disaster_response_swarm/build/disaster_response_swarm
[5.675s] running symlink_data
[5.676s] creating /home/hsr/disaster_response_swarm/install/disaster_response_swarm/share/ament_index
[5.676s] creating /home/hsr/disaster_response_swarm/install/disaster_response_swarm/share/ament_index/resource_index
[5.676s] creating /home/hsr/disaster_response_swarm/install/disaster_response_swarm/share/ament_index/resource_index/packages
[5.676s] symbolically linking /home/hsr/disaster_response_swarm/build/disaster_response_swarm/resource/disaster_response_swarm -> /home/hsr/disaster_response_swarm/install/disaster_response_swarm/share/ament_index/resource_index/packages
[5.677s] symbolically linking /home/hsr/disaster_response_swarm/build/disaster_response_swarm/package.xml -> /home/hsr/disaster_response_swarm/install/disaster_response_swarm/share/disaster_response_swarm
[5.677s] creating /home/hsr/disaster_response_swarm/install/disaster_response_swarm/share/disaster_response_swarm/launch
[5.677s] symbolically linking /home/hsr/disaster_response_swarm/build/disaster_response_swarm/launch/swarm_slam_launch.py -> /home/hsr/disaster_response_swarm/install/disaster_response_swarm/share/disaster_response_swarm/launch
[5.677s] symbolically linking /home/hsr/disaster_response_swarm/build/disaster_response_swarm/launch/slam_with_sim_camera.launch.py -> /home/hsr/disaster_response_swarm/install/disaster_response_swarm/share/disaster_response_swarm/launch
[5.678s] symbolically linking /home/hsr/disaster_response_swarm/build/disaster_response_swarm/launch/hlds_laser.launch.py -> /home/hsr/disaster_response_swarm/install/disaster_response_swarm/share/disaster_response_swarm/launch
[5.678s] symbolically linking /home/hsr/disaster_response_swarm/build/disaster_response_swarm/launch/turtlebot3_nav2_example.launch.py -> /home/hsr/disaster_response_swarm/install/disaster_response_swarm/share/disaster_response_swarm/launch
[5.678s] symbolically linking /home/hsr/disaster_response_swarm/build/disaster_response_swarm/launch/spawn_robot_launch.py -> /home/hsr/disaster_response_swarm/install/disaster_response_swarm/share/disaster_response_swarm/launch
[5.679s] symbolically linking /home/hsr/disaster_response_swarm/build/disaster_response_swarm/launch/tb3_simulation_launch.py -> /home/hsr/disaster_response_swarm/install/disaster_response_swarm/share/disaster_response_swarm/launch
[5.679s] symbolically linking /home/hsr/disaster_response_swarm/build/disaster_response_swarm/launch/minimal_rviz.launch.py -> /home/hsr/disaster_response_swarm/install/disaster_response_swarm/share/disaster_response_swarm/launch
[5.679s] symbolically linking /home/hsr/disaster_response_swarm/build/disaster_response_swarm/launch/turtlebot3_state_publisher.launch.py -> /home/hsr/disaster_response_swarm/install/disaster_response_swarm/share/disaster_response_swarm/launch
[5.680s] symbolically linking /home/hsr/disaster_response_swarm/build/disaster_response_swarm/launch/slam_waffle_launch.py -> /home/hsr/disaster_response_swarm/install/disaster_response_swarm/share/disaster_response_swarm/launch
[5.680s] symbolically linking /home/hsr/disaster_response_swarm/build/disaster_response_swarm/launch/gazebo_launch.py -> /home/hsr/disaster_response_swarm/install/disaster_response_swarm/share/disaster_response_swarm/launch
[5.680s] symbolically linking /home/hsr/disaster_response_swarm/build/disaster_response_swarm/launch/nav2_launch.py -> /home/hsr/disaster_response_swarm/install/disaster_response_swarm/share/disaster_response_swarm/launch
[5.680s] symbolically linking /home/hsr/disaster_response_swarm/build/disaster_response_swarm/launch/tb3_bringup.launch.py -> /home/hsr/disaster_response_swarm/install/disaster_response_swarm/share/disaster_response_swarm/launch
[5.681s] symbolically linking /home/hsr/disaster_response_swarm/build/disaster_response_swarm/launch/minimal_rtabmap.launch.py -> /home/hsr/disaster_response_swarm/install/disaster_response_swarm/share/disaster_response_swarm/launch
[5.681s] symbolically linking /home/hsr/disaster_response_swarm/build/disaster_response_swarm/launch/single_robot_with_namespacing.launch.py -> /home/hsr/disaster_response_swarm/install/disaster_response_swarm/share/disaster_response_swarm/launch
[5.681s] symbolically linking /home/hsr/disaster_response_swarm/build/disaster_response_swarm/launch/fully_integrated_swarm.launch.py -> /home/hsr/disaster_response_swarm/install/disaster_response_swarm/share/disaster_response_swarm/launch
[5.682s] symbolically linking /home/hsr/disaster_response_swarm/build/disaster_response_swarm/launch/single_robot_no_namespacing.launch.py -> /home/hsr/disaster_response_swarm/install/disaster_response_swarm/share/disaster_response_swarm/launch
[5.682s] symbolically linking /home/hsr/disaster_response_swarm/build/disaster_response_swarm/launch/real_robot_with_realsense_launch.py -> /home/hsr/disaster_response_swarm/install/disaster_response_swarm/share/disaster_response_swarm/launch
[5.682s] symbolically linking /home/hsr/disaster_response_swarm/build/disaster_response_swarm/launch/ld08.launch.py -> /home/hsr/disaster_response_swarm/install/disaster_response_swarm/share/disaster_response_swarm/launch
[5.682s] symbolically linking /home/hsr/disaster_response_swarm/build/disaster_response_swarm/launch/minimal_gazebo.launch.py -> /home/hsr/disaster_response_swarm/install/disaster_response_swarm/share/disaster_response_swarm/launch
[5.683s] symbolically linking /home/hsr/disaster_response_swarm/build/disaster_response_swarm/launch/waffle_camera_launch.py -> /home/hsr/disaster_response_swarm/install/disaster_response_swarm/share/disaster_response_swarm/launch
[5.683s] creating /home/hsr/disaster_response_swarm/install/disaster_response_swarm/share/disaster_response_swarm/worlds
[5.683s] symbolically linking /home/hsr/disaster_response_swarm/build/disaster_response_swarm/worlds/disaster_world.world -> /home/hsr/disaster_response_swarm/install/disaster_response_swarm/share/disaster_response_swarm/worlds
[5.684s] creating /home/hsr/disaster_response_swarm/install/disaster_response_swarm/share/disaster_response_swarm/maps
[5.684s] symbolically linking /home/hsr/disaster_response_swarm/build/disaster_response_swarm/maps/map.yaml -> /home/hsr/disaster_response_swarm/install/disaster_response_swarm/share/disaster_response_swarm/maps
[5.684s] symbolically linking /home/hsr/disaster_response_swarm/build/disaster_response_swarm/maps/map.pgm -> /home/hsr/disaster_response_swarm/install/disaster_response_swarm/share/disaster_response_swarm/maps
[5.685s] creating /home/hsr/disaster_response_swarm/install/disaster_response_swarm/share/disaster_response_swarm/config
[5.685s] symbolically linking /home/hsr/disaster_response_swarm/build/disaster_response_swarm/config/waffle.yaml -> /home/hsr/disaster_response_swarm/install/disaster_response_swarm/share/disaster_response_swarm/config
[5.685s] symbolically linking /home/hsr/disaster_response_swarm/build/disaster_response_swarm/config/nav2_params.yaml -> /home/hsr/disaster_response_swarm/install/disaster_response_swarm/share/disaster_response_swarm/config
[5.685s] symbolically linking /home/hsr/disaster_response_swarm/build/disaster_response_swarm/config/nav2_params_backup.yaml -> /home/hsr/disaster_response_swarm/install/disaster_response_swarm/share/disaster_response_swarm/config
[5.686s] symbolically linking /home/hsr/disaster_response_swarm/build/disaster_response_swarm/config/nav2_multirobot_params_all.yaml -> /home/hsr/disaster_response_swarm/install/disaster_response_swarm/share/disaster_response_swarm/config
[5.686s] symbolically linking /home/hsr/disaster_response_swarm/build/disaster_response_swarm/config/slam_online_async.yaml -> /home/hsr/disaster_response_swarm/install/disaster_response_swarm/share/disaster_response_swarm/config
[5.686s] symbolically linking /home/hsr/disaster_response_swarm/build/disaster_response_swarm/config/slam_toolbox_config.yaml -> /home/hsr/disaster_response_swarm/install/disaster_response_swarm/share/disaster_response_swarm/config
[5.687s] symbolically linking /home/hsr/disaster_response_swarm/build/disaster_response_swarm/config/rtabmap_params.yaml -> /home/hsr/disaster_response_swarm/install/disaster_response_swarm/share/disaster_response_swarm/config
[5.687s] creating /home/hsr/disaster_response_swarm/install/disaster_response_swarm/share/disaster_response_swarm/urdf
[5.687s] symbolically linking /home/hsr/disaster_response_swarm/build/disaster_response_swarm/urdf/turtlebot3_waffle.urdf -> /home/hsr/disaster_response_swarm/install/disaster_response_swarm/share/disaster_response_swarm/urdf
[5.688s] creating /home/hsr/disaster_response_swarm/install/disaster_response_swarm/share/disaster_response_swarm/models
[5.688s] creating /home/hsr/disaster_response_swarm/install/disaster_response_swarm/share/disaster_response_swarm/models/turtlebot3_waffle
[5.689s] symbolically linking /home/hsr/disaster_response_swarm/build/disaster_response_swarm/models/turtlebot3_waffle/model.config -> /home/hsr/disaster_response_swarm/install/disaster_response_swarm/share/disaster_response_swarm/models/turtlebot3_waffle
[5.689s] symbolically linking /home/hsr/disaster_response_swarm/build/disaster_response_swarm/models/turtlebot3_waffle/model-1_4.sdf -> /home/hsr/disaster_response_swarm/install/disaster_response_swarm/share/disaster_response_swarm/models/turtlebot3_waffle
[5.690s] symbolically linking /home/hsr/disaster_response_swarm/build/disaster_response_swarm/models/turtlebot3_waffle/model.sdf -> /home/hsr/disaster_response_swarm/install/disaster_response_swarm/share/disaster_response_swarm/models/turtlebot3_waffle
[5.690s] creating /home/hsr/disaster_response_swarm/install/disaster_response_swarm/share/disaster_response_swarm/rviz
[5.691s] symbolically linking /home/hsr/disaster_response_swarm/build/disaster_response_swarm/rviz/namespaced_rviz_config.rviz -> /home/hsr/disaster_response_swarm/install/disaster_response_swarm/share/disaster_response_swarm/rviz
[5.747s] Invoked command in '/home/hsr/disaster_response_swarm/build/disaster_response_swarm' returned '0': PYTHONPATH=/home/hsr/disaster_response_swarm/build/disaster_response_swarm/prefix_override:/usr/lib/python3/dist-packages/colcon_core/task/python/colcon_distutils_commands:/home/hsr/disaster_response_swarm/install/disaster_response_swarm/lib/python3.10/site-packages:${PYTHONPATH} /usr/bin/python3 -W ignore:setup.py install is deprecated setup.py develop --editable --build-directory /home/hsr/disaster_response_swarm/build/disaster_response_swarm/build --no-deps symlink_data
