running develop
running egg_info
creating disaster_response_swarm.egg-info
writing disaster_response_swarm.egg-info/PKG-INFO
writing dependency_links to disaster_response_swarm.egg-info/dependency_links.txt
writing entry points to disaster_response_swarm.egg-info/entry_points.txt
writing requirements to disaster_response_swarm.egg-info/requires.txt
writing top-level names to disaster_response_swarm.egg-info/top_level.txt
writing manifest file 'disaster_response_swarm.egg-info/SOURCES.txt'
reading manifest file 'disaster_response_swarm.egg-info/SOURCES.txt'
writing manifest file 'disaster_response_swarm.egg-info/SOURCES.txt'
running build_ext
Creating /home/amix/ros_ws/disaster_response_swarm/install/disaster_response_swarm/lib/python3.10/site-packages/disaster-response-swarm.egg-link (link to .)
Installing graph_construction_node script to /home/amix/ros_ws/disaster_response_swarm/install/disaster_response_swarm/lib/disaster_response_swarm
Installing initial_pose_publisher script to /home/amix/ros_ws/disaster_response_swarm/install/disaster_response_swarm/lib/disaster_response_swarm
Installing merge_map_node script to /home/amix/ros_ws/disaster_response_swarm/install/disaster_response_swarm/lib/disaster_response_swarm
Installing spawn_robot_server script to /home/amix/ros_ws/disaster_response_swarm/install/disaster_response_swarm/lib/disaster_response_swarm

Installed /home/amix/ros_ws/disaster_response_swarm/build/disaster_response_swarm
running symlink_data
creating /home/amix/ros_ws/disaster_response_swarm/install/disaster_response_swarm/share/ament_index
creating /home/amix/ros_ws/disaster_response_swarm/install/disaster_response_swarm/share/ament_index/resource_index
creating /home/amix/ros_ws/disaster_response_swarm/install/disaster_response_swarm/share/ament_index/resource_index/packages
symbolically linking /home/amix/ros_ws/disaster_response_swarm/build/disaster_response_swarm/resource/disaster_response_swarm -> /home/amix/ros_ws/disaster_response_swarm/install/disaster_response_swarm/share/ament_index/resource_index/packages
symbolically linking /home/amix/ros_ws/disaster_response_swarm/build/disaster_response_swarm/package.xml -> /home/amix/ros_ws/disaster_response_swarm/install/disaster_response_swarm/share/disaster_response_swarm
creating /home/amix/ros_ws/disaster_response_swarm/install/disaster_response_swarm/share/disaster_response_swarm/launch
symbolically linking /home/amix/ros_ws/disaster_response_swarm/build/disaster_response_swarm/launch/fully_integrated_swarm.launch.py -> /home/amix/ros_ws/disaster_response_swarm/install/disaster_response_swarm/share/disaster_response_swarm/launch
symbolically linking /home/amix/ros_ws/disaster_response_swarm/build/disaster_response_swarm/launch/single_robot_with_namespacing.launch.py -> /home/amix/ros_ws/disaster_response_swarm/install/disaster_response_swarm/share/disaster_response_swarm/launch
symbolically linking /home/amix/ros_ws/disaster_response_swarm/build/disaster_response_swarm/launch/tb3 _bringup.launch.py -> /home/amix/ros_ws/disaster_response_swarm/install/disaster_response_swarm/share/disaster_response_swarm/launch
symbolically linking /home/amix/ros_ws/disaster_response_swarm/build/disaster_response_swarm/launch/navigation_launch.py -> /home/amix/ros_ws/disaster_response_swarm/install/disaster_response_swarm/share/disaster_response_swarm/launch
symbolically linking /home/amix/ros_ws/disaster_response_swarm/build/disaster_response_swarm/launch/single_robot_no_namespacing.launch.py -> /home/amix/ros_ws/disaster_response_swarm/install/disaster_response_swarm/share/disaster_response_swarm/launch
symbolically linking /home/amix/ros_ws/disaster_response_swarm/build/disaster_response_swarm/launch/tb3_simulation_launch.py -> /home/amix/ros_ws/disaster_response_swarm/install/disaster_response_swarm/share/disaster_response_swarm/launch
symbolically linking /home/amix/ros_ws/disaster_response_swarm/build/disaster_response_swarm/launch/waffle_camera_launch.py -> /home/amix/ros_ws/disaster_response_swarm/install/disaster_response_swarm/share/disaster_response_swarm/launch
symbolically linking /home/amix/ros_ws/disaster_response_swarm/build/disaster_response_swarm/launch/localization_navigation_launch.py -> /home/amix/ros_ws/disaster_response_swarm/install/disaster_response_swarm/share/disaster_response_swarm/launch
symbolically linking /home/amix/ros_ws/disaster_response_swarm/build/disaster_response_swarm/launch/slam_with_sim_camera.launch.py -> /home/amix/ros_ws/disaster_response_swarm/install/disaster_response_swarm/share/disaster_response_swarm/launch
symbolically linking /home/amix/ros_ws/disaster_response_swarm/build/disaster_response_swarm/launch/real_robot_with_realsense_launch.py -> /home/amix/ros_ws/disaster_response_swarm/install/disaster_response_swarm/share/disaster_response_swarm/launch
creating /home/amix/ros_ws/disaster_response_swarm/install/disaster_response_swarm/share/disaster_response_swarm/worlds
symbolically linking /home/amix/ros_ws/disaster_response_swarm/build/disaster_response_swarm/worlds/disaster_world.world -> /home/amix/ros_ws/disaster_response_swarm/install/disaster_response_swarm/share/disaster_response_swarm/worlds
creating /home/amix/ros_ws/disaster_response_swarm/install/disaster_response_swarm/share/disaster_response_swarm/maps
symbolically linking /home/amix/ros_ws/disaster_response_swarm/build/disaster_response_swarm/maps/map.yaml -> /home/amix/ros_ws/disaster_response_swarm/install/disaster_response_swarm/share/disaster_response_swarm/maps
creating /home/amix/ros_ws/disaster_response_swarm/install/disaster_response_swarm/share/disaster_response_swarm/config
symbolically linking /home/amix/ros_ws/disaster_response_swarm/build/disaster_response_swarm/config/nav2_params_backup.yaml -> /home/amix/ros_ws/disaster_response_swarm/install/disaster_response_swarm/share/disaster_response_swarm/config
symbolically linking /home/amix/ros_ws/disaster_response_swarm/build/disaster_response_swarm/config/collision_monitor_params.yaml -> /home/amix/ros_ws/disaster_response_swarm/install/disaster_response_swarm/share/disaster_response_swarm/config
symbolically linking /home/amix/ros_ws/disaster_response_swarm/build/disaster_response_swarm/config/slam_online_async.yaml -> /home/amix/ros_ws/disaster_response_swarm/install/disaster_response_swarm/share/disaster_response_swarm/config
symbolically linking /home/amix/ros_ws/disaster_response_swarm/build/disaster_response_swarm/config/rtabmap_params.yaml -> /home/amix/ros_ws/disaster_response_swarm/install/disaster_response_swarm/share/disaster_response_swarm/config
symbolically linking /home/amix/ros_ws/disaster_response_swarm/build/disaster_response_swarm/config/nav2_multirobot_params_all.yaml -> /home/amix/ros_ws/disaster_response_swarm/install/disaster_response_swarm/share/disaster_response_swarm/config
symbolically linking /home/amix/ros_ws/disaster_response_swarm/build/disaster_response_swarm/config/map_merge_params.yaml -> /home/amix/ros_ws/disaster_response_swarm/install/disaster_response_swarm/share/disaster_response_swarm/config
symbolically linking /home/amix/ros_ws/disaster_response_swarm/build/disaster_response_swarm/config/nav2_multirobot_params_all_copy.yaml -> /home/amix/ros_ws/disaster_response_swarm/install/disaster_response_swarm/share/disaster_response_swarm/config
creating /home/amix/ros_ws/disaster_response_swarm/install/disaster_response_swarm/share/disaster_response_swarm/urdf
symbolically linking /home/amix/ros_ws/disaster_response_swarm/build/disaster_response_swarm/urdf/turtlebot3_waffle.urdf -> /home/amix/ros_ws/disaster_response_swarm/install/disaster_response_swarm/share/disaster_response_swarm/urdf
creating /home/amix/ros_ws/disaster_response_swarm/install/disaster_response_swarm/share/disaster_response_swarm/models
creating /home/amix/ros_ws/disaster_response_swarm/install/disaster_response_swarm/share/disaster_response_swarm/models/turtlebot3_waffle
symbolically linking /home/amix/ros_ws/disaster_response_swarm/build/disaster_response_swarm/models/turtlebot3_waffle/model-1_4.sdf -> /home/amix/ros_ws/disaster_response_swarm/install/disaster_response_swarm/share/disaster_response_swarm/models/turtlebot3_waffle
symbolically linking /home/amix/ros_ws/disaster_response_swarm/build/disaster_response_swarm/models/turtlebot3_waffle/model.config -> /home/amix/ros_ws/disaster_response_swarm/install/disaster_response_swarm/share/disaster_response_swarm/models/turtlebot3_waffle
symbolically linking /home/amix/ros_ws/disaster_response_swarm/build/disaster_response_swarm/models/turtlebot3_waffle/model.sdf -> /home/amix/ros_ws/disaster_response_swarm/install/disaster_response_swarm/share/disaster_response_swarm/models/turtlebot3_waffle
creating /home/amix/ros_ws/disaster_response_swarm/install/disaster_response_swarm/share/disaster_response_swarm/rviz
symbolically linking /home/amix/ros_ws/disaster_response_swarm/build/disaster_response_swarm/rviz/merge_map.rviz -> /home/amix/ros_ws/disaster_response_swarm/install/disaster_response_swarm/share/disaster_response_swarm/rviz
symbolically linking /home/amix/ros_ws/disaster_response_swarm/build/disaster_response_swarm/rviz/namespaced_rviz_config.rviz -> /home/amix/ros_ws/disaster_response_swarm/install/disaster_response_swarm/share/disaster_response_swarm/rviz
