[2.380s] Invoking command in '/home/hsr/disaster_response_swarm/build/disaster_response_swarm': PYTHONPATH=/home/hsr/disaster_response_swarm/build/disaster_response_swarm/prefix_override:/usr/lib/python3/dist-packages/colcon_core/task/python/colcon_distutils_commands:/home/hsr/disaster_response_swarm/install/disaster_response_swarm/lib/python3.10/site-packages:${PYTHONPATH} /usr/bin/python3 -W ignore:setup.py install is deprecated setup.py develop --editable --build-directory /home/hsr/disaster_response_swarm/build/disaster_response_swarm/build --no-deps symlink_data
[3.509s] running develop
[4.899s] running egg_info
[4.900s] creating disaster_response_swarm.egg-info
[4.900s] writing disaster_response_swarm.egg-info/PKG-INFO
[4.901s] writing dependency_links to disaster_response_swarm.egg-info/dependency_links.txt
[4.902s] writing entry points to disaster_response_swarm.egg-info/entry_points.txt
[4.902s] writing requirements to disaster_response_swarm.egg-info/requires.txt
[4.903s] writing top-level names to disaster_response_swarm.egg-info/top_level.txt
[4.903s] writing manifest file 'disaster_response_swarm.egg-info/SOURCES.txt'
[4.907s] reading manifest file 'disaster_response_swarm.egg-info/SOURCES.txt'
[4.908s] writing manifest file 'disaster_response_swarm.egg-info/SOURCES.txt'
[4.919s] running build_ext
[4.919s] Creating /home/hsr/disaster_response_swarm/install/disaster_response_swarm/lib/python3.10/site-packages/disaster-response-swarm.egg-link (link to .)
[4.920s] Installing spawn_robot_server script to /home/hsr/disaster_response_swarm/install/disaster_response_swarm/lib/disaster_response_swarm
[4.922s] 
[4.922s] Installed /home/hsr/disaster_response_swarm/build/disaster_response_swarm
[4.922s] running symlink_data
[4.923s] creating /home/hsr/disaster_response_swarm/install/disaster_response_swarm/share/ament_index
[4.924s] creating /home/hsr/disaster_response_swarm/install/disaster_response_swarm/share/ament_index/resource_index
[4.924s] creating /home/hsr/disaster_response_swarm/install/disaster_response_swarm/share/ament_index/resource_index/packages
[4.925s] symbolically linking /home/hsr/disaster_response_swarm/build/disaster_response_swarm/resource/disaster_response_swarm -> /home/hsr/disaster_response_swarm/install/disaster_response_swarm/share/ament_index/resource_index/packages
[4.925s] symbolically linking /home/hsr/disaster_response_swarm/build/disaster_response_swarm/package.xml -> /home/hsr/disaster_response_swarm/install/disaster_response_swarm/share/disaster_response_swarm
[4.925s] creating /home/hsr/disaster_response_swarm/install/disaster_response_swarm/share/disaster_response_swarm/launch
[4.925s] symbolically linking /home/hsr/disaster_response_swarm/build/disaster_response_swarm/launch/swarm_slam_launch.py -> /home/hsr/disaster_response_swarm/install/disaster_response_swarm/share/disaster_response_swarm/launch
[4.925s] symbolically linking /home/hsr/disaster_response_swarm/build/disaster_response_swarm/launch/slam_with_sim_camera.launch.py -> /home/hsr/disaster_response_swarm/install/disaster_response_swarm/share/disaster_response_swarm/launch
[4.925s] symbolically linking /home/hsr/disaster_response_swarm/build/disaster_response_swarm/launch/spawn_robot_launch.py -> /home/hsr/disaster_response_swarm/install/disaster_response_swarm/share/disaster_response_swarm/launch
[4.926s] symbolically linking /home/hsr/disaster_response_swarm/build/disaster_response_swarm/launch/minimal_rviz.launch.py -> /home/hsr/disaster_response_swarm/install/disaster_response_swarm/share/disaster_response_swarm/launch
[4.926s] symbolically linking /home/hsr/disaster_response_swarm/build/disaster_response_swarm/launch/slam_waffle_launch.py -> /home/hsr/disaster_response_swarm/install/disaster_response_swarm/share/disaster_response_swarm/launch
[4.926s] symbolically linking /home/hsr/disaster_response_swarm/build/disaster_response_swarm/launch/gazebo_launch.py -> /home/hsr/disaster_response_swarm/install/disaster_response_swarm/share/disaster_response_swarm/launch
[4.926s] symbolically linking /home/hsr/disaster_response_swarm/build/disaster_response_swarm/launch/nav2_launch.py -> /home/hsr/disaster_response_swarm/install/disaster_response_swarm/share/disaster_response_swarm/launch
[4.930s] symbolically linking /home/hsr/disaster_response_swarm/build/disaster_response_swarm/launch/minimal_rtabmap.launch.py -> /home/hsr/disaster_response_swarm/install/disaster_response_swarm/share/disaster_response_swarm/launch
[4.930s] symbolically linking /home/hsr/disaster_response_swarm/build/disaster_response_swarm/launch/fully_integrated_swarm.launch.py -> /home/hsr/disaster_response_swarm/install/disaster_response_swarm/share/disaster_response_swarm/launch
[4.931s] symbolically linking /home/hsr/disaster_response_swarm/build/disaster_response_swarm/launch/real_robot_with_realsense_launch.py -> /home/hsr/disaster_response_swarm/install/disaster_response_swarm/share/disaster_response_swarm/launch
[4.931s] symbolically linking /home/hsr/disaster_response_swarm/build/disaster_response_swarm/launch/minimal_gazebo.launch.py -> /home/hsr/disaster_response_swarm/install/disaster_response_swarm/share/disaster_response_swarm/launch
[4.931s] symbolically linking /home/hsr/disaster_response_swarm/build/disaster_response_swarm/launch/waffle_camera_launch.py -> /home/hsr/disaster_response_swarm/install/disaster_response_swarm/share/disaster_response_swarm/launch
[4.931s] creating /home/hsr/disaster_response_swarm/install/disaster_response_swarm/share/disaster_response_swarm/worlds
[4.931s] symbolically linking /home/hsr/disaster_response_swarm/build/disaster_response_swarm/worlds/disaster_world.world -> /home/hsr/disaster_response_swarm/install/disaster_response_swarm/share/disaster_response_swarm/worlds
[4.931s] creating /home/hsr/disaster_response_swarm/install/disaster_response_swarm/share/disaster_response_swarm/maps
[4.932s] symbolically linking /home/hsr/disaster_response_swarm/build/disaster_response_swarm/maps/map.yaml -> /home/hsr/disaster_response_swarm/install/disaster_response_swarm/share/disaster_response_swarm/maps
[4.932s] symbolically linking /home/hsr/disaster_response_swarm/build/disaster_response_swarm/maps/map.pgm -> /home/hsr/disaster_response_swarm/install/disaster_response_swarm/share/disaster_response_swarm/maps
[4.932s] creating /home/hsr/disaster_response_swarm/install/disaster_response_swarm/share/disaster_response_swarm/config
[4.932s] symbolically linking /home/hsr/disaster_response_swarm/build/disaster_response_swarm/config/nav2_params.yaml -> /home/hsr/disaster_response_swarm/install/disaster_response_swarm/share/disaster_response_swarm/config
[4.932s] symbolically linking /home/hsr/disaster_response_swarm/build/disaster_response_swarm/config/slam_toolbox_config.yaml -> /home/hsr/disaster_response_swarm/install/disaster_response_swarm/share/disaster_response_swarm/config
[4.932s] symbolically linking /home/hsr/disaster_response_swarm/build/disaster_response_swarm/config/rtabmap_params.yaml -> /home/hsr/disaster_response_swarm/install/disaster_response_swarm/share/disaster_response_swarm/config
[4.932s] creating /home/hsr/disaster_response_swarm/install/disaster_response_swarm/share/disaster_response_swarm/models
[4.933s] creating /home/hsr/disaster_response_swarm/install/disaster_response_swarm/share/disaster_response_swarm/models/turtlebot3_waffle_pi
[4.933s] symbolically linking /home/hsr/disaster_response_swarm/build/disaster_response_swarm/models/turtlebot3_waffle_pi/model.config -> /home/hsr/disaster_response_swarm/install/disaster_response_swarm/share/disaster_response_swarm/models/turtlebot3_waffle_pi
[4.933s] symbolically linking /home/hsr/disaster_response_swarm/build/disaster_response_swarm/models/turtlebot3_waffle_pi/model.sdf -> /home/hsr/disaster_response_swarm/install/disaster_response_swarm/share/disaster_response_swarm/models/turtlebot3_waffle_pi
[4.933s] creating /home/hsr/disaster_response_swarm/install/disaster_response_swarm/share/disaster_response_swarm/rviz
[4.933s] symbolically linking /home/hsr/disaster_response_swarm/build/disaster_response_swarm/rviz/minimal_rviz_config.rviz -> /home/hsr/disaster_response_swarm/install/disaster_response_swarm/share/disaster_response_swarm/rviz
[5.004s] Invoked command in '/home/hsr/disaster_response_swarm/build/disaster_response_swarm' returned '0': PYTHONPATH=/home/hsr/disaster_response_swarm/build/disaster_response_swarm/prefix_override:/usr/lib/python3/dist-packages/colcon_core/task/python/colcon_distutils_commands:/home/hsr/disaster_response_swarm/install/disaster_response_swarm/lib/python3.10/site-packages:${PYTHONPATH} /usr/bin/python3 -W ignore:setup.py install is deprecated setup.py develop --editable --build-directory /home/hsr/disaster_response_swarm/build/disaster_response_swarm/build --no-deps symlink_data
