[5.883s] Invoking command in '/home/hsr/disaster_response_swarm/build/disaster_response_swarm': CONDA_PROMPT_MODIFIER=(base) PYTHONPATH=/home/hsr/disaster_response_swarm/build/disaster_response_swarm/prefix_override:/usr/lib/python3/dist-packages/colcon_core/task/python/colcon_distutils_commands:/home/hsr/disaster_response_swarm/install/disaster_response_swarm/lib/python3.10/site-packages:${PYTHONPATH} /usr/bin/python3 -W ignore:setup.py install is deprecated setup.py develop --editable --build-directory /home/hsr/disaster_response_swarm/build/disaster_response_swarm/build --no-deps symlink_data
[8.381s] running develop
[8.384s] /home/hsr/.local/lib/python3.10/site-packages/setuptools/command/easy_install.py:157: EasyInstallDeprecationWarning: easy_install command is deprecated. Use build and pip and other standards-based tools.
[8.384s]   warnings.warn(
[9.502s] /home/hsr/.local/lib/python3.10/site-packages/pkg_resources/__init__.py:122: PkgResourcesDeprecationWarning: None is an invalid version and will not be supported in a future release
[9.503s]   warnings.warn(
[12.316s] running egg_info
[12.317s] writing disaster_response_swarm.egg-info/PKG-INFO
[12.319s] writing dependency_links to disaster_response_swarm.egg-info/dependency_links.txt
[12.321s] writing entry points to disaster_response_swarm.egg-info/entry_points.txt
[12.323s] writing requirements to disaster_response_swarm.egg-info/requires.txt
[12.323s] writing top-level names to disaster_response_swarm.egg-info/top_level.txt
[12.334s] reading manifest file 'disaster_response_swarm.egg-info/SOURCES.txt'
[12.340s] running build_ext
[12.341s] Creating /home/hsr/disaster_response_swarm/install/disaster_response_swarm/lib/python3.10/site-packages/disaster-response-swarm.egg-link (link to .)
[12.342s] Installing merge_map_node script to /home/hsr/disaster_response_swarm/install/disaster_response_swarm/lib/disaster_response_swarm
[12.343s] Installing spawn_robot_server script to /home/hsr/disaster_response_swarm/install/disaster_response_swarm/lib/disaster_response_swarm
[12.345s] 
[12.346s] Installed /home/hsr/disaster_response_swarm/build/disaster_response_swarm
[12.347s] running symlink_data
[12.503s] Invoked command in '/home/hsr/disaster_response_swarm/build/disaster_response_swarm' returned '0': CONDA_PROMPT_MODIFIER=(base) PYTHONPATH=/home/hsr/disaster_response_swarm/build/disaster_response_swarm/prefix_override:/usr/lib/python3/dist-packages/colcon_core/task/python/colcon_distutils_commands:/home/hsr/disaster_response_swarm/install/disaster_response_swarm/lib/python3.10/site-packages:${PYTHONPATH} /usr/bin/python3 -W ignore:setup.py install is deprecated setup.py develop --editable --build-directory /home/hsr/disaster_response_swarm/build/disaster_response_swarm/build --no-deps symlink_data
