[0.267s] DEBUG:colcon:Command line arguments: ['/usr/bin/colcon', 'build', '--symlink-install']
[0.267s] DEBUG:colcon:Parsed command line arguments: Namespace(log_base=None, log_level=None, verb_name='build', build_base='build', install_base='install', merge_install=False, symlink_install=True, test_result_base=None, continue_on_error=False, executor='parallel', parallel_workers=16, event_handlers=None, ignore_user_meta=False, metas=['./colcon.meta'], base_paths=['.'], packages_ignore=None, packages_ignore_regex=None, paths=None, packages_up_to=None, packages_up_to_regex=None, packages_above=None, packages_above_and_dependencies=None, packages_above_depth=None, packages_select_by_dep=None, packages_skip_by_dep=None, packages_skip_up_to=None, packages_select_build_failed=False, packages_skip_build_finished=False, packages_select_test_failures=False, packages_skip_test_passed=False, packages_select=None, packages_skip=None, packages_select_regex=None, packages_skip_regex=None, packages_start=None, packages_end=None, allow_overriding=[], cmake_args=None, cmake_target=None, cmake_target_skip_unavailable=False, cmake_clean_cache=False, cmake_clean_first=False, cmake_force_configure=False, ament_cmake_args=None, catkin_cmake_args=None, catkin_skip_building_tests=False, mixin_files=None, mixin=None, verb_parser=<colcon_mixin.mixin.mixin_argument.MixinArgumentDecorator object at 0x76b3cbe55d20>, verb_extension=<colcon_core.verb.build.BuildVerb object at 0x76b3cbe55300>, main=<bound method BuildVerb.main of <colcon_core.verb.build.BuildVerb object at 0x76b3cbe55300>>, mixin_verb=('build',))
[1.741s] Level 1:colcon.colcon_core.package_discovery:discover_packages(colcon_meta) check parameters
[1.742s] Level 1:colcon.colcon_core.package_discovery:discover_packages(recursive) check parameters
[1.742s] Level 1:colcon.colcon_core.package_discovery:discover_packages(ignore) check parameters
[1.742s] Level 1:colcon.colcon_core.package_discovery:discover_packages(path) check parameters
[1.742s] Level 1:colcon.colcon_core.package_discovery:discover_packages(colcon_meta) discover
[1.742s] Level 1:colcon.colcon_core.package_discovery:discover_packages(recursive) discover
[1.742s] INFO:colcon.colcon_core.package_discovery:Crawling recursively for packages in '/home/amix/ros_ws/disaster_response_swarm'
[1.742s] Level 1:colcon.colcon_core.package_identification:_identify(.) by extensions ['ignore', 'ignore_ament_install']
[1.742s] Level 1:colcon.colcon_core.package_identification:_identify(.) by extension 'ignore'
[1.742s] Level 1:colcon.colcon_core.package_identification:_identify(.) by extension 'ignore_ament_install'
[1.742s] Level 1:colcon.colcon_core.package_identification:_identify(.) by extensions ['colcon_pkg']
[1.742s] Level 1:colcon.colcon_core.package_identification:_identify(.) by extension 'colcon_pkg'
[1.742s] Level 1:colcon.colcon_core.package_identification:_identify(.) by extensions ['colcon_meta']
[1.742s] Level 1:colcon.colcon_core.package_identification:_identify(.) by extension 'colcon_meta'
[1.743s] Level 1:colcon.colcon_core.package_identification:_identify(.) by extensions ['ros']
[1.743s] Level 1:colcon.colcon_core.package_identification:_identify(.) by extension 'ros'
[1.761s] DEBUG:colcon.colcon_core.package_identification:Package '.' with type 'ros.ament_python' and name 'disaster_response_swarm'
[1.761s] Level 1:colcon.colcon_core.package_discovery:discover_packages(recursive) using defaults
[1.761s] Level 1:colcon.colcon_core.package_discovery:discover_packages(ignore) discover
[1.761s] Level 1:colcon.colcon_core.package_discovery:discover_packages(ignore) using defaults
[1.761s] Level 1:colcon.colcon_core.package_discovery:discover_packages(path) discover
[1.761s] Level 1:colcon.colcon_core.package_discovery:discover_packages(path) using defaults
[1.967s] Level 1:colcon.colcon_core.package_discovery:discover_packages(prefix_path) check parameters
[1.968s] Level 1:colcon.colcon_core.package_discovery:discover_packages(prefix_path) discover
[1.969s] WARNING:colcon.colcon_ros.prefix_path.ament:The path '/home/amix/ros_ws/disaster_response_swarm/install/disaster_response_swarm' in the environment variable AMENT_PREFIX_PATH doesn't exist
[1.983s] DEBUG:colcon.colcon_installed_package_information.package_discovery:Found 0 installed packages in /home/amix/ros_ws/disaster_response_swarm/install
[1.984s] DEBUG:colcon.colcon_installed_package_information.package_discovery:Found 15 installed packages in /home/amix/ros_ws/turtlebot3_ws/install
[1.987s] DEBUG:colcon.colcon_installed_package_information.package_discovery:Found 323 installed packages in /opt/ros/humble
[1.989s] Level 1:colcon.colcon_core.package_discovery:discover_packages(prefix_path) using defaults
[2.259s] Level 5:colcon.colcon_core.verb:set package 'disaster_response_swarm' build argument 'cmake_args' from command line to 'None'
[2.259s] Level 5:colcon.colcon_core.verb:set package 'disaster_response_swarm' build argument 'cmake_target' from command line to 'None'
[2.259s] Level 5:colcon.colcon_core.verb:set package 'disaster_response_swarm' build argument 'cmake_target_skip_unavailable' from command line to 'False'
[2.259s] Level 5:colcon.colcon_core.verb:set package 'disaster_response_swarm' build argument 'cmake_clean_cache' from command line to 'False'
[2.259s] Level 5:colcon.colcon_core.verb:set package 'disaster_response_swarm' build argument 'cmake_clean_first' from command line to 'False'
[2.259s] Level 5:colcon.colcon_core.verb:set package 'disaster_response_swarm' build argument 'cmake_force_configure' from command line to 'False'
[2.259s] Level 5:colcon.colcon_core.verb:set package 'disaster_response_swarm' build argument 'ament_cmake_args' from command line to 'None'
[2.259s] Level 5:colcon.colcon_core.verb:set package 'disaster_response_swarm' build argument 'catkin_cmake_args' from command line to 'None'
[2.259s] Level 5:colcon.colcon_core.verb:set package 'disaster_response_swarm' build argument 'catkin_skip_building_tests' from command line to 'False'
[2.259s] DEBUG:colcon.colcon_core.verb:Building package 'disaster_response_swarm' with the following arguments: {'ament_cmake_args': None, 'build_base': '/home/amix/ros_ws/disaster_response_swarm/build/disaster_response_swarm', 'catkin_cmake_args': None, 'catkin_skip_building_tests': False, 'cmake_args': None, 'cmake_clean_cache': False, 'cmake_clean_first': False, 'cmake_force_configure': False, 'cmake_target': None, 'cmake_target_skip_unavailable': False, 'install_base': '/home/amix/ros_ws/disaster_response_swarm/install/disaster_response_swarm', 'merge_install': False, 'path': '/home/amix/ros_ws/disaster_response_swarm', 'symlink_install': True, 'test_result_base': None}
[2.259s] INFO:colcon.colcon_core.executor:Executing jobs using 'parallel' executor
[2.260s] DEBUG:colcon.colcon_parallel_executor.executor.parallel:run_until_complete
[2.261s] INFO:colcon.colcon_ros.task.ament_python.build:Building ROS package in '/home/amix/ros_ws/disaster_response_swarm' with build type 'ament_python'
[2.261s] Level 1:colcon.colcon_core.shell:create_environment_hook('disaster_response_swarm', 'ament_prefix_path')
[2.274s] INFO:colcon.colcon_core.plugin_system:Skipping extension 'colcon_core.shell.bat': Not used on non-Windows systems
[2.274s] INFO:colcon.colcon_core.shell:Creating environment hook '/home/amix/ros_ws/disaster_response_swarm/install/disaster_response_swarm/share/disaster_response_swarm/hook/ament_prefix_path.ps1'
[2.289s] INFO:colcon.colcon_core.shell:Creating environment descriptor '/home/amix/ros_ws/disaster_response_swarm/install/disaster_response_swarm/share/disaster_response_swarm/hook/ament_prefix_path.dsv'
[2.300s] INFO:colcon.colcon_core.shell:Creating environment hook '/home/amix/ros_ws/disaster_response_swarm/install/disaster_response_swarm/share/disaster_response_swarm/hook/ament_prefix_path.sh'
[2.301s] INFO:colcon.colcon_core.shell:Skip shell extension 'powershell' for command environment: Not usable outside of PowerShell
[2.301s] DEBUG:colcon.colcon_core.shell:Skip shell extension 'dsv' for command environment
[2.523s] INFO:colcon.colcon_core.task.python.build:Building Python package in '/home/amix/ros_ws/disaster_response_swarm'
[2.524s] INFO:colcon.colcon_core.shell:Skip shell extension 'powershell' for command environment: Not usable outside of PowerShell
[2.524s] DEBUG:colcon.colcon_core.shell:Skip shell extension 'dsv' for command environment
[2.948s] DEBUG:colcon.colcon_core.event_handler.log_command:Invoking command in '/home/amix/ros_ws/disaster_response_swarm/build/disaster_response_swarm': PYTHONPATH=/home/amix/ros_ws/disaster_response_swarm/build/disaster_response_swarm/prefix_override:/usr/lib/python3/dist-packages/colcon_core/task/python/colcon_distutils_commands:/home/amix/ros_ws/disaster_response_swarm/install/disaster_response_swarm/lib/python3.10/site-packages:${PYTHONPATH} /usr/bin/python3 -W ignore:setup.py install is deprecated -W ignore:easy_install command is deprecated setup.py develop --editable --build-directory /home/amix/ros_ws/disaster_response_swarm/build/disaster_response_swarm/build --no-deps symlink_data
[3.288s] Level 1:colcon.colcon_core.shell:create_environment_hook('disaster_response_swarm', 'pythonpath_develop')
[3.289s] DEBUG:colcon.colcon_core.event_handler.log_command:Invoked command in '/home/amix/ros_ws/disaster_response_swarm/build/disaster_response_swarm' returned '0': PYTHONPATH=/home/amix/ros_ws/disaster_response_swarm/build/disaster_response_swarm/prefix_override:/usr/lib/python3/dist-packages/colcon_core/task/python/colcon_distutils_commands:/home/amix/ros_ws/disaster_response_swarm/install/disaster_response_swarm/lib/python3.10/site-packages:${PYTHONPATH} /usr/bin/python3 -W ignore:setup.py install is deprecated -W ignore:easy_install command is deprecated setup.py develop --editable --build-directory /home/amix/ros_ws/disaster_response_swarm/build/disaster_response_swarm/build --no-deps symlink_data
[3.289s] INFO:colcon.colcon_core.shell:Creating environment hook '/home/amix/ros_ws/disaster_response_swarm/build/disaster_response_swarm/share/disaster_response_swarm/hook/pythonpath_develop.ps1'
[3.291s] INFO:colcon.colcon_core.shell:Creating environment descriptor '/home/amix/ros_ws/disaster_response_swarm/build/disaster_response_swarm/share/disaster_response_swarm/hook/pythonpath_develop.dsv'
[3.291s] INFO:colcon.colcon_core.shell:Creating environment hook '/home/amix/ros_ws/disaster_response_swarm/build/disaster_response_swarm/share/disaster_response_swarm/hook/pythonpath_develop.sh'
[3.318s] Level 1:colcon.colcon_core.environment:checking '/home/amix/ros_ws/disaster_response_swarm/install/disaster_response_swarm' for CMake module files
[3.319s] Level 1:colcon.colcon_core.environment:checking '/home/amix/ros_ws/disaster_response_swarm/install/disaster_response_swarm' for CMake config files
[3.320s] Level 1:colcon.colcon_core.environment:checking '/home/amix/ros_ws/disaster_response_swarm/install/disaster_response_swarm/lib'
[3.321s] Level 1:colcon.colcon_core.environment:checking '/home/amix/ros_ws/disaster_response_swarm/install/disaster_response_swarm/bin'
[3.321s] Level 1:colcon.colcon_core.environment:checking '/home/amix/ros_ws/disaster_response_swarm/install/disaster_response_swarm/lib/pkgconfig/disaster_response_swarm.pc'
[3.321s] Level 1:colcon.colcon_core.environment:checking '/home/amix/ros_ws/disaster_response_swarm/install/disaster_response_swarm/lib/python3.10/site-packages'
[3.321s] Level 1:colcon.colcon_core.shell:create_environment_hook('disaster_response_swarm', 'pythonpath')
[3.321s] INFO:colcon.colcon_core.shell:Creating environment hook '/home/amix/ros_ws/disaster_response_swarm/install/disaster_response_swarm/share/disaster_response_swarm/hook/pythonpath.ps1'
[3.322s] INFO:colcon.colcon_core.shell:Creating environment descriptor '/home/amix/ros_ws/disaster_response_swarm/install/disaster_response_swarm/share/disaster_response_swarm/hook/pythonpath.dsv'
[3.322s] INFO:colcon.colcon_core.shell:Creating environment hook '/home/amix/ros_ws/disaster_response_swarm/install/disaster_response_swarm/share/disaster_response_swarm/hook/pythonpath.sh'
[3.323s] Level 1:colcon.colcon_core.environment:checking '/home/amix/ros_ws/disaster_response_swarm/install/disaster_response_swarm/bin'
[3.323s] Level 1:colcon.colcon_core.environment:create_environment_scripts_only(disaster_response_swarm)
[3.324s] INFO:colcon.colcon_core.shell:Creating package script '/home/amix/ros_ws/disaster_response_swarm/install/disaster_response_swarm/share/disaster_response_swarm/package.ps1'
[3.325s] INFO:colcon.colcon_core.shell:Creating package descriptor '/home/amix/ros_ws/disaster_response_swarm/install/disaster_response_swarm/share/disaster_response_swarm/package.dsv'
[3.326s] INFO:colcon.colcon_core.shell:Creating package script '/home/amix/ros_ws/disaster_response_swarm/install/disaster_response_swarm/share/disaster_response_swarm/package.sh'
[3.327s] INFO:colcon.colcon_core.shell:Creating package script '/home/amix/ros_ws/disaster_response_swarm/install/disaster_response_swarm/share/disaster_response_swarm/package.bash'
[3.328s] INFO:colcon.colcon_core.shell:Creating package script '/home/amix/ros_ws/disaster_response_swarm/install/disaster_response_swarm/share/disaster_response_swarm/package.zsh'
[3.337s] Level 1:colcon.colcon_core.environment:create_file_with_runtime_dependencies(/home/amix/ros_ws/disaster_response_swarm/install/disaster_response_swarm/share/colcon-core/packages/disaster_response_swarm)
[3.338s] DEBUG:colcon.colcon_parallel_executor.executor.parallel:closing loop
[3.338s] DEBUG:colcon.colcon_parallel_executor.executor.parallel:loop closed
[3.338s] DEBUG:colcon.colcon_parallel_executor.executor.parallel:run_until_complete finished with '0'
[3.338s] DEBUG:colcon.colcon_core.event_reactor:joining thread
[3.345s] INFO:colcon.colcon_core.plugin_system:Skipping extension 'colcon_notification.desktop_notification.terminal_notifier': Not used on non-Darwin systems
[3.345s] INFO:colcon.colcon_core.plugin_system:Skipping extension 'colcon_notification.desktop_notification.win32': Not used on non-Windows systems
[3.346s] INFO:colcon.colcon_notification.desktop_notification:Sending desktop notification using 'notify2'
[3.360s] DEBUG:colcon.colcon_core.event_reactor:joined thread
[3.360s] INFO:colcon.colcon_core.shell:Creating prefix script '/home/amix/ros_ws/disaster_response_swarm/install/local_setup.ps1'
[3.362s] INFO:colcon.colcon_core.shell:Creating prefix util module '/home/amix/ros_ws/disaster_response_swarm/install/_local_setup_util_ps1.py'
[3.364s] INFO:colcon.colcon_core.shell:Creating prefix chain script '/home/amix/ros_ws/disaster_response_swarm/install/setup.ps1'
[3.366s] INFO:colcon.colcon_core.shell:Creating prefix script '/home/amix/ros_ws/disaster_response_swarm/install/local_setup.sh'
[3.367s] INFO:colcon.colcon_core.shell:Creating prefix util module '/home/amix/ros_ws/disaster_response_swarm/install/_local_setup_util_sh.py'
[3.368s] INFO:colcon.colcon_core.shell:Creating prefix chain script '/home/amix/ros_ws/disaster_response_swarm/install/setup.sh'
[3.370s] INFO:colcon.colcon_core.shell:Creating prefix script '/home/amix/ros_ws/disaster_response_swarm/install/local_setup.bash'
[3.371s] INFO:colcon.colcon_core.shell:Creating prefix chain script '/home/amix/ros_ws/disaster_response_swarm/install/setup.bash'
[3.374s] INFO:colcon.colcon_core.shell:Creating prefix script '/home/amix/ros_ws/disaster_response_swarm/install/local_setup.zsh'
[3.375s] INFO:colcon.colcon_core.shell:Creating prefix chain script '/home/amix/ros_ws/disaster_response_swarm/install/setup.zsh'
