[0.481s] DEBUG:colcon:Command line arguments: ['/usr/bin/colcon', 'build', '--symlink-install']
[0.481s] DEBUG:colcon:Parsed command line arguments: Namespace(log_base=None, log_level=None, verb_name='build', build_base='build', install_base='install', merge_install=False, symlink_install=True, test_result_base=None, continue_on_error=False, executor='parallel', parallel_workers=4, event_handlers=None, ignore_user_meta=False, metas=['./colcon.meta'], base_paths=['.'], packages_ignore=None, packages_ignore_regex=None, paths=None, packages_up_to=None, packages_up_to_regex=None, packages_above=None, packages_above_and_dependencies=None, packages_above_depth=None, packages_select_by_dep=None, packages_skip_by_dep=None, packages_skip_up_to=None, packages_select_build_failed=False, packages_skip_build_finished=False, packages_select_test_failures=False, packages_skip_test_passed=False, packages_select=None, packages_skip=None, packages_select_regex=None, packages_skip_regex=None, packages_start=None, packages_end=None, allow_overriding=[], cmake_args=None, cmake_target=None, cmake_target_skip_unavailable=False, cmake_clean_cache=False, cmake_clean_first=False, cmake_force_configure=False, ament_cmake_args=None, catkin_cmake_args=None, catkin_skip_building_tests=False, mixin_files=None, mixin=None, verb_parser=<colcon_mixin.mixin.mixin_argument.MixinArgumentDecorator object at 0x7b91c9f2c2b0>, verb_extension=<colcon_core.verb.build.BuildVerb object at 0x7b91ca0bc9d0>, main=<bound method BuildVerb.main of <colcon_core.verb.build.BuildVerb object at 0x7b91ca0bc9d0>>, mixin_verb=('build',))
[2.723s] Level 1:colcon.colcon_core.package_discovery:discover_packages(colcon_meta) check parameters
[2.723s] Level 1:colcon.colcon_core.package_discovery:discover_packages(recursive) check parameters
[2.724s] Level 1:colcon.colcon_core.package_discovery:discover_packages(ignore) check parameters
[2.724s] Level 1:colcon.colcon_core.package_discovery:discover_packages(path) check parameters
[2.724s] Level 1:colcon.colcon_core.package_discovery:discover_packages(colcon_meta) discover
[2.724s] Level 1:colcon.colcon_core.package_discovery:discover_packages(recursive) discover
[2.724s] INFO:colcon.colcon_core.package_discovery:Crawling recursively for packages in '/home/hsr/disaster_response_swarm'
[2.724s] Level 1:colcon.colcon_core.package_identification:_identify(.) by extensions ['ignore', 'ignore_ament_install']
[2.724s] Level 1:colcon.colcon_core.package_identification:_identify(.) by extension 'ignore'
[2.724s] Level 1:colcon.colcon_core.package_identification:_identify(.) by extension 'ignore_ament_install'
[2.724s] Level 1:colcon.colcon_core.package_identification:_identify(.) by extensions ['colcon_pkg']
[2.724s] Level 1:colcon.colcon_core.package_identification:_identify(.) by extension 'colcon_pkg'
[2.725s] Level 1:colcon.colcon_core.package_identification:_identify(.) by extensions ['colcon_meta']
[2.725s] Level 1:colcon.colcon_core.package_identification:_identify(.) by extension 'colcon_meta'
[2.725s] Level 1:colcon.colcon_core.package_identification:_identify(.) by extensions ['ros']
[2.725s] Level 1:colcon.colcon_core.package_identification:_identify(.) by extension 'ros'
[2.836s] DEBUG:colcon.colcon_core.package_identification:Package '.' with type 'ros.ament_python' and name 'disaster_response_swarm'
[2.837s] Level 1:colcon.colcon_core.package_discovery:discover_packages(recursive) using defaults
[2.837s] Level 1:colcon.colcon_core.package_discovery:discover_packages(ignore) discover
[2.837s] Level 1:colcon.colcon_core.package_discovery:discover_packages(ignore) using defaults
[2.837s] Level 1:colcon.colcon_core.package_discovery:discover_packages(path) discover
[2.838s] Level 1:colcon.colcon_core.package_discovery:discover_packages(path) using defaults
[2.928s] Level 1:colcon.colcon_core.package_discovery:discover_packages(prefix_path) check parameters
[2.928s] Level 1:colcon.colcon_core.package_discovery:discover_packages(prefix_path) discover
[2.939s] WARNING:colcon.colcon_ros.prefix_path.ament:The path '/home/hsr/disaster_response_swarm/install/disaster_response_swarm' in the environment variable AMENT_PREFIX_PATH doesn't exist
[2.944s] DEBUG:colcon.colcon_installed_package_information.package_discovery:Found 0 installed packages in /home/hsr/disaster_response_swarm/install
[2.956s] DEBUG:colcon.colcon_installed_package_information.package_discovery:Found 2 installed packages in /home/hsr/m-explore-ros2/install
[3.036s] DEBUG:colcon.colcon_installed_package_information.package_discovery:Found 1644 installed packages in /opt/ros/humble
[3.139s] Level 1:colcon.colcon_core.package_discovery:discover_packages(prefix_path) using defaults
[4.611s] Level 5:colcon.colcon_core.verb:set package 'disaster_response_swarm' build argument 'cmake_args' from command line to 'None'
[4.611s] Level 5:colcon.colcon_core.verb:set package 'disaster_response_swarm' build argument 'cmake_target' from command line to 'None'
[4.611s] Level 5:colcon.colcon_core.verb:set package 'disaster_response_swarm' build argument 'cmake_target_skip_unavailable' from command line to 'False'
[4.611s] Level 5:colcon.colcon_core.verb:set package 'disaster_response_swarm' build argument 'cmake_clean_cache' from command line to 'False'
[4.611s] Level 5:colcon.colcon_core.verb:set package 'disaster_response_swarm' build argument 'cmake_clean_first' from command line to 'False'
[4.611s] Level 5:colcon.colcon_core.verb:set package 'disaster_response_swarm' build argument 'cmake_force_configure' from command line to 'False'
[4.611s] Level 5:colcon.colcon_core.verb:set package 'disaster_response_swarm' build argument 'ament_cmake_args' from command line to 'None'
[4.611s] Level 5:colcon.colcon_core.verb:set package 'disaster_response_swarm' build argument 'catkin_cmake_args' from command line to 'None'
[4.611s] Level 5:colcon.colcon_core.verb:set package 'disaster_response_swarm' build argument 'catkin_skip_building_tests' from command line to 'False'
[4.612s] DEBUG:colcon.colcon_core.verb:Building package 'disaster_response_swarm' with the following arguments: {'ament_cmake_args': None, 'build_base': '/home/hsr/disaster_response_swarm/build/disaster_response_swarm', 'catkin_cmake_args': None, 'catkin_skip_building_tests': False, 'cmake_args': None, 'cmake_clean_cache': False, 'cmake_clean_first': False, 'cmake_force_configure': False, 'cmake_target': None, 'cmake_target_skip_unavailable': False, 'install_base': '/home/hsr/disaster_response_swarm/install/disaster_response_swarm', 'merge_install': False, 'path': '/home/hsr/disaster_response_swarm', 'symlink_install': True, 'test_result_base': None}
[4.612s] INFO:colcon.colcon_core.executor:Executing jobs using 'parallel' executor
[4.617s] DEBUG:colcon.colcon_parallel_executor.executor.parallel:run_until_complete
[4.617s] INFO:colcon.colcon_ros.task.ament_python.build:Building ROS package in '/home/hsr/disaster_response_swarm' with build type 'ament_python'
[4.618s] Level 1:colcon.colcon_core.shell:create_environment_hook('disaster_response_swarm', 'ament_prefix_path')
[4.623s] INFO:colcon.colcon_core.plugin_system:Skipping extension 'colcon_core.shell.bat': Not used on non-Windows systems
[4.631s] INFO:colcon.colcon_core.shell:Creating environment hook '/home/hsr/disaster_response_swarm/install/disaster_response_swarm/share/disaster_response_swarm/hook/ament_prefix_path.ps1'
[4.633s] INFO:colcon.colcon_core.shell:Creating environment descriptor '/home/hsr/disaster_response_swarm/install/disaster_response_swarm/share/disaster_response_swarm/hook/ament_prefix_path.dsv'
[4.635s] INFO:colcon.colcon_core.shell:Creating environment hook '/home/hsr/disaster_response_swarm/install/disaster_response_swarm/share/disaster_response_swarm/hook/ament_prefix_path.sh'
[4.643s] INFO:colcon.colcon_core.shell:Skip shell extension 'powershell' for command environment: Not usable outside of PowerShell
[4.644s] DEBUG:colcon.colcon_core.shell:Skip shell extension 'dsv' for command environment
[8.491s] INFO:colcon.colcon_core.task.python.build:Building Python package in '/home/hsr/disaster_response_swarm'
[8.492s] INFO:colcon.colcon_core.shell:Skip shell extension 'powershell' for command environment: Not usable outside of PowerShell
[8.493s] DEBUG:colcon.colcon_core.shell:Skip shell extension 'dsv' for command environment
[10.504s] DEBUG:colcon.colcon_core.event_handler.log_command:Invoking command in '/home/hsr/disaster_response_swarm/build/disaster_response_swarm': CONDA_PROMPT_MODIFIER=(base) PYTHONPATH=/home/hsr/disaster_response_swarm/build/disaster_response_swarm/prefix_override:/usr/lib/python3/dist-packages/colcon_core/task/python/colcon_distutils_commands:/home/hsr/disaster_response_swarm/install/disaster_response_swarm/lib/python3.10/site-packages:${PYTHONPATH} /usr/bin/python3 -W ignore:setup.py install is deprecated setup.py develop --editable --build-directory /home/hsr/disaster_response_swarm/build/disaster_response_swarm/build --no-deps symlink_data
[17.123s] Level 1:colcon.colcon_core.shell:create_environment_hook('disaster_response_swarm', 'pythonpath_develop')
[17.125s] DEBUG:colcon.colcon_core.event_handler.log_command:Invoked command in '/home/hsr/disaster_response_swarm/build/disaster_response_swarm' returned '0': CONDA_PROMPT_MODIFIER=(base) PYTHONPATH=/home/hsr/disaster_response_swarm/build/disaster_response_swarm/prefix_override:/usr/lib/python3/dist-packages/colcon_core/task/python/colcon_distutils_commands:/home/hsr/disaster_response_swarm/install/disaster_response_swarm/lib/python3.10/site-packages:${PYTHONPATH} /usr/bin/python3 -W ignore:setup.py install is deprecated setup.py develop --editable --build-directory /home/hsr/disaster_response_swarm/build/disaster_response_swarm/build --no-deps symlink_data
[17.134s] INFO:colcon.colcon_core.shell:Creating environment hook '/home/hsr/disaster_response_swarm/build/disaster_response_swarm/share/disaster_response_swarm/hook/pythonpath_develop.ps1'
[17.140s] INFO:colcon.colcon_core.shell:Creating environment descriptor '/home/hsr/disaster_response_swarm/build/disaster_response_swarm/share/disaster_response_swarm/hook/pythonpath_develop.dsv'
[17.143s] INFO:colcon.colcon_core.shell:Creating environment hook '/home/hsr/disaster_response_swarm/build/disaster_response_swarm/share/disaster_response_swarm/hook/pythonpath_develop.sh'
[17.165s] Level 1:colcon.colcon_core.environment:checking '/home/hsr/disaster_response_swarm/install/disaster_response_swarm' for CMake module files
[17.169s] Level 1:colcon.colcon_core.environment:checking '/home/hsr/disaster_response_swarm/install/disaster_response_swarm' for CMake config files
[17.172s] Level 1:colcon.colcon_core.environment:checking '/home/hsr/disaster_response_swarm/install/disaster_response_swarm/lib'
[17.175s] Level 1:colcon.colcon_core.environment:checking '/home/hsr/disaster_response_swarm/install/disaster_response_swarm/bin'
[17.175s] Level 1:colcon.colcon_core.environment:checking '/home/hsr/disaster_response_swarm/install/disaster_response_swarm/lib/pkgconfig/disaster_response_swarm.pc'
[17.176s] Level 1:colcon.colcon_core.environment:checking '/home/hsr/disaster_response_swarm/install/disaster_response_swarm/lib/python3.10/site-packages'
[17.176s] Level 1:colcon.colcon_core.shell:create_environment_hook('disaster_response_swarm', 'pythonpath')
[17.176s] INFO:colcon.colcon_core.shell:Creating environment hook '/home/hsr/disaster_response_swarm/install/disaster_response_swarm/share/disaster_response_swarm/hook/pythonpath.ps1'
[17.182s] INFO:colcon.colcon_core.shell:Creating environment descriptor '/home/hsr/disaster_response_swarm/install/disaster_response_swarm/share/disaster_response_swarm/hook/pythonpath.dsv'
[17.183s] INFO:colcon.colcon_core.shell:Creating environment hook '/home/hsr/disaster_response_swarm/install/disaster_response_swarm/share/disaster_response_swarm/hook/pythonpath.sh'
[17.184s] Level 1:colcon.colcon_core.environment:checking '/home/hsr/disaster_response_swarm/install/disaster_response_swarm/bin'
[17.184s] Level 1:colcon.colcon_core.environment:create_environment_scripts_only(disaster_response_swarm)
[17.185s] INFO:colcon.colcon_core.shell:Creating package script '/home/hsr/disaster_response_swarm/install/disaster_response_swarm/share/disaster_response_swarm/package.ps1'
[17.189s] INFO:colcon.colcon_core.shell:Creating package descriptor '/home/hsr/disaster_response_swarm/install/disaster_response_swarm/share/disaster_response_swarm/package.dsv'
[17.190s] INFO:colcon.colcon_core.shell:Creating package script '/home/hsr/disaster_response_swarm/install/disaster_response_swarm/share/disaster_response_swarm/package.sh'
[17.193s] INFO:colcon.colcon_core.shell:Creating package script '/home/hsr/disaster_response_swarm/install/disaster_response_swarm/share/disaster_response_swarm/package.bash'
[17.195s] INFO:colcon.colcon_core.shell:Creating package script '/home/hsr/disaster_response_swarm/install/disaster_response_swarm/share/disaster_response_swarm/package.zsh'
[17.196s] Level 1:colcon.colcon_core.environment:create_file_with_runtime_dependencies(/home/hsr/disaster_response_swarm/install/disaster_response_swarm/share/colcon-core/packages/disaster_response_swarm)
[17.209s] DEBUG:colcon.colcon_parallel_executor.executor.parallel:closing loop
[17.209s] DEBUG:colcon.colcon_parallel_executor.executor.parallel:loop closed
[17.209s] DEBUG:colcon.colcon_parallel_executor.executor.parallel:run_until_complete finished with '0'
[17.209s] DEBUG:colcon.colcon_core.event_reactor:joining thread
[17.232s] INFO:colcon.colcon_core.plugin_system:Skipping extension 'colcon_notification.desktop_notification.terminal_notifier': Not used on non-Darwin systems
[17.232s] INFO:colcon.colcon_core.plugin_system:Skipping extension 'colcon_notification.desktop_notification.win32': Not used on non-Windows systems
[17.232s] INFO:colcon.colcon_notification.desktop_notification:Sending desktop notification using 'notify2'
[17.293s] DEBUG:colcon.colcon_core.event_reactor:joined thread
[17.295s] INFO:colcon.colcon_core.shell:Creating prefix script '/home/hsr/disaster_response_swarm/install/local_setup.ps1'
[17.299s] INFO:colcon.colcon_core.shell:Creating prefix util module '/home/hsr/disaster_response_swarm/install/_local_setup_util_ps1.py'
[17.310s] INFO:colcon.colcon_core.shell:Creating prefix chain script '/home/hsr/disaster_response_swarm/install/setup.ps1'
[17.327s] INFO:colcon.colcon_core.shell:Creating prefix script '/home/hsr/disaster_response_swarm/install/local_setup.sh'
[17.339s] INFO:colcon.colcon_core.shell:Creating prefix util module '/home/hsr/disaster_response_swarm/install/_local_setup_util_sh.py'
[17.354s] INFO:colcon.colcon_core.shell:Creating prefix chain script '/home/hsr/disaster_response_swarm/install/setup.sh'
[17.361s] INFO:colcon.colcon_core.shell:Creating prefix script '/home/hsr/disaster_response_swarm/install/local_setup.bash'
[17.362s] INFO:colcon.colcon_core.shell:Creating prefix chain script '/home/hsr/disaster_response_swarm/install/setup.bash'
[17.365s] INFO:colcon.colcon_core.shell:Creating prefix script '/home/hsr/disaster_response_swarm/install/local_setup.zsh'
[17.365s] INFO:colcon.colcon_core.shell:Creating prefix chain script '/home/hsr/disaster_response_swarm/install/setup.zsh'
